<?xml version="1.0" encoding="UTF-8"?>
<!-- Generated by org.testng.reporters.JUnitXMLReporter -->
<testsuite ignored="24" hostname="DESKTOP-6RSBDQK" failures="0" tests="24" name="Test" time="43.341" errors="0" timestamp="2025-07-25T16:04:48 IST">
  <testcase classname="test.BaseRediffSimple" name="@BeforeTest beforetest" time="2.607">
    <failure type="org.openqa.selenium.WebDriverException" message="unknown error: cannot determine loading status
from unknown error: cannot determine loading status
from target frame detached
  (Session info: chrome=138.0.7204.169)
Build info: version: &amp;apos;4.33.0&amp;apos;, revision: &amp;apos;2c6aaad03a&amp;apos;
System info: os.name: &amp;apos;Windows 11&amp;apos;, os.arch: &amp;apos;amd64&amp;apos;, os.version: &amp;apos;10.0&amp;apos;, java.version: &amp;apos;21.0.4&amp;apos;
Driver info: org.openqa.selenium.chrome.ChromeDriver
Command: [7693c0d4c570ce521dc806cc9999a058, get {url=https://www.rediff.com}]
Capabilities {acceptInsecureCerts: false, browserName: chrome, browserVersion: 138.0.7204.169, chrome: {chromedriverVersion: 138.0.7204.168 (3e8d82e86e9..., userDataDir: C:\Users\DELLEN~1\AppData\L...}, fedcm:accounts: true, goog:chromeOptions: {debuggerAddress: localhost:64999}, networkConnectionEnabled: false, pageLoadStrategy: normal, platformName: windows, proxy: Proxy(), se:cdp: ws://localhost:64999/devtoo..., se:cdpVersion: 138.0.7204.169, setWindowRect: true, strictFileInteractability: false, timeouts: {implicit: 0, pageLoad: 300000, script: 30000}, unhandledPromptBehavior: dismiss and notify, webauthn:extension:credBlob: true, webauthn:extension:largeBlob: true, webauthn:extension:minPinLength: true, webauthn:extension:prf: true, webauthn:virtualAuthenticators: true}
Session ID: 7693c0d4c570ce521dc806cc9999a058">
      <![CDATA[org.openqa.selenium.WebDriverException: unknown error: cannot determine loading status
from unknown error: cannot determine loading status
from target frame detached
  (Session info: chrome=138.0.7204.169)
Build info: version: '4.33.0', revision: '2c6aaad03a'
System info: os.name: 'Windows 11', os.arch: 'amd64', os.version: '10.0', java.version: '21.0.4'
Driver info: org.openqa.selenium.chrome.ChromeDriver
Command: [7693c0d4c570ce521dc806cc9999a058, get {url=https://www.rediff.com}]
Capabilities {acceptInsecureCerts: false, browserName: chrome, browserVersion: 138.0.7204.169, chrome: {chromedriverVersion: 138.0.7204.168 (3e8d82e86e9..., userDataDir: C:\Users\DELLEN~1\AppData\L...}, fedcm:accounts: true, goog:chromeOptions: {debuggerAddress: localhost:64999}, networkConnectionEnabled: false, pageLoadStrategy: normal, platformName: windows, proxy: Proxy(), se:cdp: ws://localhost:64999/devtoo..., se:cdpVersion: 138.0.7204.169, setWindowRect: true, strictFileInteractability: false, timeouts: {implicit: 0, pageLoad: 300000, script: 30000}, unhandledPromptBehavior: dismiss and notify, webauthn:extension:credBlob: true, webauthn:extension:largeBlob: true, webauthn:extension:minPinLength: true, webauthn:extension:prf: true, webauthn:virtualAuthenticators: true}
Session ID: 7693c0d4c570ce521dc806cc9999a058
at org.openqa.selenium.remote.ErrorCodec.decode(ErrorCodec.java:167)
at org.openqa.selenium.remote.codec.w3c.W3CHttpResponseCodec.decode(W3CHttpResponseCodec.java:138)
at org.openqa.selenium.remote.codec.w3c.W3CHttpResponseCodec.decode(W3CHttpResponseCodec.java:50)
at org.openqa.selenium.remote.HttpCommandExecutor.execute(HttpCommandExecutor.java:215)
at org.openqa.selenium.remote.service.DriverCommandExecutor.invokeExecute(DriverCommandExecutor.java:216)
at org.openqa.selenium.remote.service.DriverCommandExecutor.execute(DriverCommandExecutor.java:174)
at org.openqa.selenium.remote.RemoteWebDriver.execute(RemoteWebDriver.java:544)
at org.openqa.selenium.remote.RemoteWebDriver.get(RemoteWebDriver.java:312)
at utili.Common.SetupBrowser(Common.java:25)
at test.BaseRediffSimple.beforetest(BaseRediffSimple.java:24)
... Removed 25 stack frames]]>
    </failure>
  </testcase> <!-- @BeforeTest beforetest -->
  <testcase classname="test.FrameLogic" name="@BeforeClass beforeClass" time="0.0">
    <skipped/>
  </testcase> <!-- @BeforeClass beforeClass -->
  <testcase classname="test.FrameLogic" name="@BeforeMethod beforeMethod" time="0.0">
    <skipped/>
  </testcase> <!-- @BeforeMethod beforeMethod -->
  <testcase classname="test.FrameLogic" name="@AfterMethod afterMethod" time="0.0">
    <skipped/>
  </testcase> <!-- @AfterMethod afterMethod -->
  <testcase classname="test.FrameLogic" name="@BeforeMethod beforeMethod" time="0.0">
    <skipped/>
  </testcase> <!-- @BeforeMethod beforeMethod -->
  <testcase classname="test.FrameLogic" name="@AfterMethod afterMethod" time="0.0">
    <skipped/>
  </testcase> <!-- @AfterMethod afterMethod -->
  <testcase classname="test.FrameLogic" name="@AfterClass afterClass" time="0.0">
    <skipped/>
  </testcase> <!-- @AfterClass afterClass -->
  <testcase classname="test.NewTest" name="@BeforeClass beforeClass" time="0.0">
    <skipped/>
  </testcase> <!-- @BeforeClass beforeClass -->
  <testcase classname="test.NewTest" name="@BeforeMethod beforeMethod" time="0.0">
    <skipped/>
  </testcase> <!-- @BeforeMethod beforeMethod -->
  <testcase classname="test.NewTest" name="@AfterMethod afterMethod" time="0.0">
    <skipped/>
  </testcase> <!-- @AfterMethod afterMethod -->
  <testcase classname="test.NewTest" name="@BeforeMethod beforeMethod" time="0.0">
    <skipped/>
  </testcase> <!-- @BeforeMethod beforeMethod -->
  <testcase classname="test.NewTest" name="@AfterMethod afterMethod" time="0.0">
    <skipped/>
  </testcase> <!-- @AfterMethod afterMethod -->
  <testcase classname="test.NewTest" name="@AfterClass afterClass" time="0.0">
    <skipped/>
  </testcase> <!-- @AfterClass afterClass -->
  <testcase classname="test.FrameLogic" name="@AfterTest afterTest" time="0.0">
    <skipped/>
  </testcase> <!-- @AfterTest afterTest -->
  <testcase classname="test.NewTest" name="@AfterTest afterTest" time="0.0">
    <skipped/>
  </testcase> <!-- @AfterTest afterTest -->
  <testcase classname="test.BaseTest" name="@AfterTest aftertest" time="0.0">
    <skipped/>
  </testcase> <!-- @AfterTest aftertest -->
  <testcase classname="test.BaseRediff" name="@AfterTest aftertest" time="0.0">
    <skipped/>
  </testcase> <!-- @AfterTest aftertest -->
  <testcase classname="test.BaseRediffSimple" name="@AfterTest aftertest" time="0.0">
    <skipped/>
  </testcase> <!-- @AfterTest aftertest -->
  <testcase classname="test.AccessUrl" name="siteTitle" time="0.0">
    <skipped/>
  </testcase> <!-- siteTitle -->
  <testcase classname="test.AccessUrl" name="enteremail" time="0.0">
    <skipped/>
  </testcase> <!-- enteremail -->
  <testcase classname="test.AccessUrl" name="enterpass" time="0.0">
    <skipped/>
  </testcase> <!-- enterpass -->
  <testcase classname="test.AccessUrl2" name="siteTitle" time="0.0">
    <skipped/>
  </testcase> <!-- siteTitle -->
  <testcase classname="test.AccessUrl2" name="enteremail" time="0.0">
    <skipped/>
  </testcase> <!-- enteremail -->
  <testcase classname="test.AccessUrl2" name="enterpass" time="0.0">
    <skipped/>
  </testcase> <!-- enterpass -->
  <testcase classname="test.AccessUrl3" name="siteTitle" time="0.0">
    <skipped/>
  </testcase> <!-- siteTitle -->
  <testcase classname="test.AccessUrl3" name="enteremail" time="0.0">
    <skipped/>
  </testcase> <!-- enteremail -->
  <testcase classname="test.AccessUrl3" name="enterpass" time="0.0">
    <skipped/>
  </testcase> <!-- enterpass -->
  <testcase classname="test.CreateAccount" name="CrtAccount" time="0.0">
    <skipped/>
  </testcase> <!-- CrtAccount -->
  <testcase classname="test.Facebook_count" name="siteTitle" time="0.0">
    <skipped/>
  </testcase> <!-- siteTitle -->
  <testcase classname="test.Facebook_count" name="pagelink" time="0.0">
    <skipped/>
  </testcase> <!-- pagelink -->
  <testcase classname="test.Facebook_Link" name="siteTitle" time="0.0">
    <skipped/>
  </testcase> <!-- siteTitle -->
  <testcase classname="test.Facebook_Link" name="pagelink" time="0.0">
    <skipped/>
  </testcase> <!-- pagelink -->
  <testcase classname="test.Facebook_Test" name="siteTitle" time="0.0">
    <skipped/>
  </testcase> <!-- siteTitle -->
  <testcase classname="test.Facebook_Test" name="pagelink" time="0.0">
    <skipped/>
  </testcase> <!-- pagelink -->
  <testcase classname="test.FrameLogic" name="beforeMethod" time="0.0">
    <skipped/>
  </testcase> <!-- beforeMethod -->
  <testcase classname="test.FrameLogic" name="method" time="0.0">
    <skipped/>
  </testcase> <!-- method -->
  <testcase classname="test.HomePage_Simple" name="homepageAction" time="0.0">
    <skipped/>
  </testcase> <!-- homepageAction -->
  <testcase classname="test.HomePage_Simple" name="signinAction" time="0.0">
    <skipped/>
  </testcase> <!-- signinAction -->
  <testcase classname="test.NewTest" name="beforeMethod" time="0.0">
    <skipped/>
  </testcase> <!-- beforeMethod -->
  <testcase classname="test.NewTest" name="method1" time="0.0">
    <skipped/>
  </testcase> <!-- method1 -->
  <testcase classname="test.RediffSignin" name="HomeRediff" time="0.0">
    <skipped/>
  </testcase> <!-- HomeRediff -->
  <testcase classname="test.Rediff_Tab" name="HomeRediff" time="0.0">
    <skipped/>
  </testcase> <!-- HomeRediff -->
  <testcase classname="test.BaseRediff" name="@AfterTest aftertest" time="0.0">
    <ignored/>
  </testcase> <!-- @AfterTest aftertest -->
  <testcase classname="test.BaseRediffSimple" name="@BeforeTest beforetest" time="0.0">
    <ignored/>
  </testcase> <!-- @BeforeTest beforetest -->
  <testcase classname="test.BaseTest" name="@AfterTest aftertest" time="0.0">
    <ignored/>
  </testcase> <!-- @AfterTest aftertest -->
  <testcase classname="test.BaseRediffSimple" name="@AfterTest aftertest" time="0.0">
    <ignored/>
  </testcase> <!-- @AfterTest aftertest -->
  <testcase classname="test.BaseTest" name="@BeforeTest beforetest" time="0.0">
    <ignored/>
  </testcase> <!-- @BeforeTest beforetest -->
  <testcase classname="test.BaseTest" name="@AfterTest aftertest" time="0.0">
    <ignored/>
  </testcase> <!-- @AfterTest aftertest -->
  <testcase classname="test.BaseTest" name="@AfterTest aftertest" time="0.0">
    <ignored/>
  </testcase> <!-- @AfterTest aftertest -->
  <testcase classname="test.BaseTest" name="@BeforeTest beforetest" time="0.0">
    <ignored/>
  </testcase> <!-- @BeforeTest beforetest -->
  <testcase classname="test.BaseTest" name="@AfterTest aftertest" time="0.0">
    <ignored/>
  </testcase> <!-- @AfterTest aftertest -->
  <testcase classname="test.BaseTest" name="@AfterTest aftertest" time="0.0">
    <ignored/>
  </testcase> <!-- @AfterTest aftertest -->
  <testcase classname="test.BaseTest" name="@BeforeTest beforetest" time="0.0">
    <ignored/>
  </testcase> <!-- @BeforeTest beforetest -->
  <testcase classname="test.BaseTest" name="@BeforeTest beforetest" time="0.0">
    <ignored/>
  </testcase> <!-- @BeforeTest beforetest -->
  <testcase classname="test.BaseTest" name="@AfterTest aftertest" time="0.0">
    <ignored/>
  </testcase> <!-- @AfterTest aftertest -->
  <testcase classname="test.BaseRediff" name="@BeforeTest beforetest" time="0.0">
    <ignored/>
  </testcase> <!-- @BeforeTest beforetest -->
  <testcase classname="test.BaseTest" name="@BeforeTest beforetest" time="0.0">
    <ignored/>
  </testcase> <!-- @BeforeTest beforetest -->
  <testcase classname="test.BaseTest" name="@AfterTest aftertest" time="0.0">
    <ignored/>
  </testcase> <!-- @AfterTest aftertest -->
  <testcase classname="test.BaseTest" name="@AfterTest aftertest" time="0.0">
    <ignored/>
  </testcase> <!-- @AfterTest aftertest -->
  <testcase classname="test.BaseRediff" name="@BeforeTest beforetest" time="0.0">
    <ignored/>
  </testcase> <!-- @BeforeTest beforetest -->
  <testcase classname="test.BaseTest" name="@BeforeTest beforetest" time="0.0">
    <ignored/>
  </testcase> <!-- @BeforeTest beforetest -->
  <testcase classname="test.BaseRediff" name="@AfterTest aftertest" time="0.0">
    <ignored/>
  </testcase> <!-- @AfterTest aftertest -->
  <testcase classname="test.BaseRediff" name="@AfterTest aftertest" time="0.0">
    <ignored/>
  </testcase> <!-- @AfterTest aftertest -->
  <testcase classname="test.BaseTest" name="@BeforeTest beforetest" time="0.0">
    <ignored/>
  </testcase> <!-- @BeforeTest beforetest -->
  <testcase classname="test.BaseRediff" name="@BeforeTest beforetest" time="0.0">
    <ignored/>
  </testcase> <!-- @BeforeTest beforetest -->
  <testcase classname="test.BaseTest" name="@BeforeTest beforetest" time="0.0">
    <ignored/>
  </testcase> <!-- @BeforeTest beforetest -->
</testsuite> <!-- Test -->
