<?xml version="1.0" encoding="UTF-8"?>
<!-- Generated by org.testng.reporters.JUnitXMLReporter -->
<testsuite ignored="0" hostname="DESKTOP-6RSBDQK" failures="1" tests="2" name="Test" time="46.804" errors="0" timestamp="2025-04-03T19:03:12 IST">
  <testcase classname="test.HomePage_Simple" name="homepageAction" time="31.563"/>
  <testcase classname="test.HomePage_Simple" name="signinAction" time="11.293">
    <failure type="java.lang.IllegalArgumentException" message="Parameter &amp;apos;destFile&amp;apos; is not a file: D:\">
      <![CDATA[java.lang.IllegalArgumentException: Parameter 'destFile' is not a file: D:\
at org.apache.commons.io.FileUtils.requireFile(FileUtils.java:2824)
at org.apache.commons.io.FileUtils.requireFileIfExists(FileUtils.java:2853)
at org.apache.commons.io.FileUtils.copyFile(FileUtils.java:807)
at org.apache.commons.io.FileUtils.copyFile(FileUtils.java:838)
at org.apache.commons.io.FileUtils.copyFile(FileUtils.java:746)
at pom.Pageobj_HomePage_Simple.screen(Pageobj_HomePage_Simple.java:76)
at test.HomePage_Simple.signinAction(HomePage_Simple.java:24)
at java.base/java.util.ArrayList.forEach(ArrayList.java:1596)
... Removed 25 stack frames]]>
    </failure>
  </testcase> <!-- signinAction -->
</testsuite> <!-- Test -->
