<?xml version="1.0" encoding="UTF-8"?>
<!-- Generated by org.testng.reporters.JUnitReportReporter -->
<testsuite hostname="DESKTOP-6RSBDQK" failures="0" tests="2" name="test.FrameLogic" time="54.157" errors="0" timestamp="2024-10-18T17:57:38 IST" skipped="0">
  <testcase classname="test.FrameLogic" name="method" time="54.156">
    <system-out>
      <![CDATA[----------packageListFrame--------------------
URL'https://docs.oracle.com/javase/7/docs/api/
java.applet =  https://docs.oracle.com/javase/7/docs/api/java/applet/package-frame.html
java.awt =  https://docs.oracle.com/javase/7/docs/api/java/awt/package-frame.html
java.awt.color =  https://docs.oracle.com/javase/7/docs/api/java/awt/color/package-frame.html
java.awt.datatransfer =  https://docs.oracle.com/javase/7/docs/api/java/awt/datatransfer/package-frame.html
java.awt.dnd =  https://docs.oracle.com/javase/7/docs/api/java/awt/dnd/package-frame.html
java.awt.event =  https://docs.oracle.com/javase/7/docs/api/java/awt/event/package-frame.html
java.awt.font =  https://docs.oracle.com/javase/7/docs/api/java/awt/font/package-frame.html
java.awt.geom =  https://docs.oracle.com/javase/7/docs/api/java/awt/geom/package-frame.html
java.awt.im =  https://docs.oracle.com/javase/7/docs/api/java/awt/im/package-frame.html
java.awt.im.spi =  https://docs.oracle.com/javase/7/docs/api/java/awt/im/spi/package-frame.html
java.awt.image =  https://docs.oracle.com/javase/7/docs/api/java/awt/image/package-frame.html
java.awt.image.renderable =  https://docs.oracle.com/javase/7/docs/api/java/awt/image/renderable/package-frame.html
java.awt.print =  https://docs.oracle.com/javase/7/docs/api/java/awt/print/package-frame.html
java.beans =  https://docs.oracle.com/javase/7/docs/api/java/beans/package-frame.html
java.beans.beancontext =  https://docs.oracle.com/javase/7/docs/api/java/beans/beancontext/package-frame.html
java.io =  https://docs.oracle.com/javase/7/docs/api/java/io/package-frame.html
java.lang =  https://docs.oracle.com/javase/7/docs/api/java/lang/package-frame.html
java.lang.annotation =  https://docs.oracle.com/javase/7/docs/api/java/lang/annotation/package-frame.html
java.lang.instrument =  https://docs.oracle.com/javase/7/docs/api/java/lang/instrument/package-frame.html
java.lang.invoke =  https://docs.oracle.com/javase/7/docs/api/java/lang/invoke/package-frame.html
java.lang.management =  https://docs.oracle.com/javase/7/docs/api/java/lang/management/package-frame.html
java.lang.ref =  https://docs.oracle.com/javase/7/docs/api/java/lang/ref/package-frame.html
java.lang.reflect =  https://docs.oracle.com/javase/7/docs/api/java/lang/reflect/package-frame.html
java.math =  https://docs.oracle.com/javase/7/docs/api/java/math/package-frame.html
java.net =  https://docs.oracle.com/javase/7/docs/api/java/net/package-frame.html
java.nio =  https://docs.oracle.com/javase/7/docs/api/java/nio/package-frame.html
java.nio.channels =  https://docs.oracle.com/javase/7/docs/api/java/nio/channels/package-frame.html
java.nio.channels.spi =  https://docs.oracle.com/javase/7/docs/api/java/nio/channels/spi/package-frame.html
java.nio.charset =  https://docs.oracle.com/javase/7/docs/api/java/nio/charset/package-frame.html
java.nio.charset.spi =  https://docs.oracle.com/javase/7/docs/api/java/nio/charset/spi/package-frame.html
java.nio.file =  https://docs.oracle.com/javase/7/docs/api/java/nio/file/package-frame.html
java.nio.file.attribute =  https://docs.oracle.com/javase/7/docs/api/java/nio/file/attribute/package-frame.html
java.nio.file.spi =  https://docs.oracle.com/javase/7/docs/api/java/nio/file/spi/package-frame.html
java.rmi =  https://docs.oracle.com/javase/7/docs/api/java/rmi/package-frame.html
java.rmi.activation =  https://docs.oracle.com/javase/7/docs/api/java/rmi/activation/package-frame.html
java.rmi.dgc =  https://docs.oracle.com/javase/7/docs/api/java/rmi/dgc/package-frame.html
java.rmi.registry =  https://docs.oracle.com/javase/7/docs/api/java/rmi/registry/package-frame.html
java.rmi.server =  https://docs.oracle.com/javase/7/docs/api/java/rmi/server/package-frame.html
java.security =  https://docs.oracle.com/javase/7/docs/api/java/security/package-frame.html
java.security.acl =  https://docs.oracle.com/javase/7/docs/api/java/security/acl/package-frame.html
java.security.cert =  https://docs.oracle.com/javase/7/docs/api/java/security/cert/package-frame.html
java.security.interfaces =  https://docs.oracle.com/javase/7/docs/api/java/security/interfaces/package-frame.html
java.security.spec =  https://docs.oracle.com/javase/7/docs/api/java/security/spec/package-frame.html
java.sql =  https://docs.oracle.com/javase/7/docs/api/java/sql/package-frame.html
java.text =  https://docs.oracle.com/javase/7/docs/api/java/text/package-frame.html
java.text.spi =  https://docs.oracle.com/javase/7/docs/api/java/text/spi/package-frame.html
java.util =  https://docs.oracle.com/javase/7/docs/api/java/util/package-frame.html
java.util.concurrent =  https://docs.oracle.com/javase/7/docs/api/java/util/concurrent/package-frame.html
java.util.concurrent.atomic =  https://docs.oracle.com/javase/7/docs/api/java/util/concurrent/atomic/package-frame.html
java.util.concurrent.locks =  https://docs.oracle.com/javase/7/docs/api/java/util/concurrent/locks/package-frame.html
java.util.jar =  https://docs.oracle.com/javase/7/docs/api/java/util/jar/package-frame.html
java.util.logging =  https://docs.oracle.com/javase/7/docs/api/java/util/logging/package-frame.html
java.util.prefs =  https://docs.oracle.com/javase/7/docs/api/java/util/prefs/package-frame.html
java.util.regex =  https://docs.oracle.com/javase/7/docs/api/java/util/regex/package-frame.html
java.util.spi =  https://docs.oracle.com/javase/7/docs/api/java/util/spi/package-frame.html
java.util.zip =  https://docs.oracle.com/javase/7/docs/api/java/util/zip/package-frame.html
javax.accessibility =  https://docs.oracle.com/javase/7/docs/api/javax/accessibility/package-frame.html
javax.activation =  https://docs.oracle.com/javase/7/docs/api/javax/activation/package-frame.html
javax.activity =  https://docs.oracle.com/javase/7/docs/api/javax/activity/package-frame.html
javax.annotation =  https://docs.oracle.com/javase/7/docs/api/javax/annotation/package-frame.html
javax.annotation.processing =  https://docs.oracle.com/javase/7/docs/api/javax/annotation/processing/package-frame.html
javax.crypto =  https://docs.oracle.com/javase/7/docs/api/javax/crypto/package-frame.html
javax.crypto.interfaces =  https://docs.oracle.com/javase/7/docs/api/javax/crypto/interfaces/package-frame.html
javax.crypto.spec =  https://docs.oracle.com/javase/7/docs/api/javax/crypto/spec/package-frame.html
javax.imageio =  https://docs.oracle.com/javase/7/docs/api/javax/imageio/package-frame.html
javax.imageio.event =  https://docs.oracle.com/javase/7/docs/api/javax/imageio/event/package-frame.html
javax.imageio.metadata =  https://docs.oracle.com/javase/7/docs/api/javax/imageio/metadata/package-frame.html
javax.imageio.plugins.bmp =  https://docs.oracle.com/javase/7/docs/api/javax/imageio/plugins/bmp/package-frame.html
javax.imageio.plugins.jpeg =  https://docs.oracle.com/javase/7/docs/api/javax/imageio/plugins/jpeg/package-frame.html
javax.imageio.spi =  https://docs.oracle.com/javase/7/docs/api/javax/imageio/spi/package-frame.html
javax.imageio.stream =  https://docs.oracle.com/javase/7/docs/api/javax/imageio/stream/package-frame.html
javax.jws =  https://docs.oracle.com/javase/7/docs/api/javax/jws/package-frame.html
javax.jws.soap =  https://docs.oracle.com/javase/7/docs/api/javax/jws/soap/package-frame.html
javax.lang.model =  https://docs.oracle.com/javase/7/docs/api/javax/lang/model/package-frame.html
javax.lang.model.element =  https://docs.oracle.com/javase/7/docs/api/javax/lang/model/element/package-frame.html
javax.lang.model.type =  https://docs.oracle.com/javase/7/docs/api/javax/lang/model/type/package-frame.html
javax.lang.model.util =  https://docs.oracle.com/javase/7/docs/api/javax/lang/model/util/package-frame.html
javax.management =  https://docs.oracle.com/javase/7/docs/api/javax/management/package-frame.html
javax.management.loading =  https://docs.oracle.com/javase/7/docs/api/javax/management/loading/package-frame.html
javax.management.modelmbean =  https://docs.oracle.com/javase/7/docs/api/javax/management/modelmbean/package-frame.html
javax.management.monitor =  https://docs.oracle.com/javase/7/docs/api/javax/management/monitor/package-frame.html
javax.management.openmbean =  https://docs.oracle.com/javase/7/docs/api/javax/management/openmbean/package-frame.html
javax.management.relation =  https://docs.oracle.com/javase/7/docs/api/javax/management/relation/package-frame.html
javax.management.remote =  https://docs.oracle.com/javase/7/docs/api/javax/management/remote/package-frame.html
javax.management.remote.rmi =  https://docs.oracle.com/javase/7/docs/api/javax/management/remote/rmi/package-frame.html
javax.management.timer =  https://docs.oracle.com/javase/7/docs/api/javax/management/timer/package-frame.html
javax.naming =  https://docs.oracle.com/javase/7/docs/api/javax/naming/package-frame.html
javax.naming.directory =  https://docs.oracle.com/javase/7/docs/api/javax/naming/directory/package-frame.html
javax.naming.event =  https://docs.oracle.com/javase/7/docs/api/javax/naming/event/package-frame.html
javax.naming.ldap =  https://docs.oracle.com/javase/7/docs/api/javax/naming/ldap/package-frame.html
javax.naming.spi =  https://docs.oracle.com/javase/7/docs/api/javax/naming/spi/package-frame.html
javax.net =  https://docs.oracle.com/javase/7/docs/api/javax/net/package-frame.html
javax.net.ssl =  https://docs.oracle.com/javase/7/docs/api/javax/net/ssl/package-frame.html
javax.print =  https://docs.oracle.com/javase/7/docs/api/javax/print/package-frame.html
javax.print.attribute =  https://docs.oracle.com/javase/7/docs/api/javax/print/attribute/package-frame.html
javax.print.attribute.standard =  https://docs.oracle.com/javase/7/docs/api/javax/print/attribute/standard/package-frame.html
javax.print.event =  https://docs.oracle.com/javase/7/docs/api/javax/print/event/package-frame.html
javax.rmi =  https://docs.oracle.com/javase/7/docs/api/javax/rmi/package-frame.html
javax.rmi.CORBA =  https://docs.oracle.com/javase/7/docs/api/javax/rmi/CORBA/package-frame.html
javax.rmi.ssl =  https://docs.oracle.com/javase/7/docs/api/javax/rmi/ssl/package-frame.html
javax.script =  https://docs.oracle.com/javase/7/docs/api/javax/script/package-frame.html
javax.security.auth =  https://docs.oracle.com/javase/7/docs/api/javax/security/auth/package-frame.html
javax.security.auth.callback =  https://docs.oracle.com/javase/7/docs/api/javax/security/auth/callback/package-frame.html
javax.security.auth.kerberos =  https://docs.oracle.com/javase/7/docs/api/javax/security/auth/kerberos/package-frame.html
javax.security.auth.login =  https://docs.oracle.com/javase/7/docs/api/javax/security/auth/login/package-frame.html
javax.security.auth.spi =  https://docs.oracle.com/javase/7/docs/api/javax/security/auth/spi/package-frame.html
javax.security.auth.x500 =  https://docs.oracle.com/javase/7/docs/api/javax/security/auth/x500/package-frame.html
javax.security.cert =  https://docs.oracle.com/javase/7/docs/api/javax/security/cert/package-frame.html
javax.security.sasl =  https://docs.oracle.com/javase/7/docs/api/javax/security/sasl/package-frame.html
javax.sound.midi =  https://docs.oracle.com/javase/7/docs/api/javax/sound/midi/package-frame.html
javax.sound.midi.spi =  https://docs.oracle.com/javase/7/docs/api/javax/sound/midi/spi/package-frame.html
javax.sound.sampled =  https://docs.oracle.com/javase/7/docs/api/javax/sound/sampled/package-frame.html
javax.sound.sampled.spi =  https://docs.oracle.com/javase/7/docs/api/javax/sound/sampled/spi/package-frame.html
javax.sql =  https://docs.oracle.com/javase/7/docs/api/javax/sql/package-frame.html
javax.sql.rowset =  https://docs.oracle.com/javase/7/docs/api/javax/sql/rowset/package-frame.html
javax.sql.rowset.serial =  https://docs.oracle.com/javase/7/docs/api/javax/sql/rowset/serial/package-frame.html
javax.sql.rowset.spi =  https://docs.oracle.com/javase/7/docs/api/javax/sql/rowset/spi/package-frame.html
javax.swing =  https://docs.oracle.com/javase/7/docs/api/javax/swing/package-frame.html
javax.swing.border =  https://docs.oracle.com/javase/7/docs/api/javax/swing/border/package-frame.html
javax.swing.colorchooser =  https://docs.oracle.com/javase/7/docs/api/javax/swing/colorchooser/package-frame.html
javax.swing.event =  https://docs.oracle.com/javase/7/docs/api/javax/swing/event/package-frame.html
javax.swing.filechooser =  https://docs.oracle.com/javase/7/docs/api/javax/swing/filechooser/package-frame.html
javax.swing.plaf =  https://docs.oracle.com/javase/7/docs/api/javax/swing/plaf/package-frame.html
javax.swing.plaf.basic =  https://docs.oracle.com/javase/7/docs/api/javax/swing/plaf/basic/package-frame.html
javax.swing.plaf.metal =  https://docs.oracle.com/javase/7/docs/api/javax/swing/plaf/metal/package-frame.html
javax.swing.plaf.multi =  https://docs.oracle.com/javase/7/docs/api/javax/swing/plaf/multi/package-frame.html
javax.swing.plaf.nimbus =  https://docs.oracle.com/javase/7/docs/api/javax/swing/plaf/nimbus/package-frame.html
javax.swing.plaf.synth =  https://docs.oracle.com/javase/7/docs/api/javax/swing/plaf/synth/package-frame.html
javax.swing.table =  https://docs.oracle.com/javase/7/docs/api/javax/swing/table/package-frame.html
javax.swing.text =  https://docs.oracle.com/javase/7/docs/api/javax/swing/text/package-frame.html
javax.swing.text.html =  https://docs.oracle.com/javase/7/docs/api/javax/swing/text/html/package-frame.html
javax.swing.text.html.parser =  https://docs.oracle.com/javase/7/docs/api/javax/swing/text/html/parser/package-frame.html
javax.swing.text.rtf =  https://docs.oracle.com/javase/7/docs/api/javax/swing/text/rtf/package-frame.html
javax.swing.tree =  https://docs.oracle.com/javase/7/docs/api/javax/swing/tree/package-frame.html
javax.swing.undo =  https://docs.oracle.com/javase/7/docs/api/javax/swing/undo/package-frame.html
javax.tools =  https://docs.oracle.com/javase/7/docs/api/javax/tools/package-frame.html
javax.transaction =  https://docs.oracle.com/javase/7/docs/api/javax/transaction/package-frame.html
javax.transaction.xa =  https://docs.oracle.com/javase/7/docs/api/javax/transaction/xa/package-frame.html
javax.xml =  https://docs.oracle.com/javase/7/docs/api/javax/xml/package-frame.html
javax.xml.bind =  https://docs.oracle.com/javase/7/docs/api/javax/xml/bind/package-frame.html
javax.xml.bind.annotation =  https://docs.oracle.com/javase/7/docs/api/javax/xml/bind/annotation/package-frame.html
javax.xml.bind.annotation.adapters =  https://docs.oracle.com/javase/7/docs/api/javax/xml/bind/annotation/adapters/package-frame.html
javax.xml.bind.attachment =  https://docs.oracle.com/javase/7/docs/api/javax/xml/bind/attachment/package-frame.html
javax.xml.bind.helpers =  https://docs.oracle.com/javase/7/docs/api/javax/xml/bind/helpers/package-frame.html
javax.xml.bind.util =  https://docs.oracle.com/javase/7/docs/api/javax/xml/bind/util/package-frame.html
javax.xml.crypto =  https://docs.oracle.com/javase/7/docs/api/javax/xml/crypto/package-frame.html
javax.xml.crypto.dom =  https://docs.oracle.com/javase/7/docs/api/javax/xml/crypto/dom/package-frame.html
javax.xml.crypto.dsig =  https://docs.oracle.com/javase/7/docs/api/javax/xml/crypto/dsig/package-frame.html
javax.xml.crypto.dsig.dom =  https://docs.oracle.com/javase/7/docs/api/javax/xml/crypto/dsig/dom/package-frame.html
javax.xml.crypto.dsig.keyinfo =  https://docs.oracle.com/javase/7/docs/api/javax/xml/crypto/dsig/keyinfo/package-frame.html
javax.xml.crypto.dsig.spec =  https://docs.oracle.com/javase/7/docs/api/javax/xml/crypto/dsig/spec/package-frame.html
javax.xml.datatype =  https://docs.oracle.com/javase/7/docs/api/javax/xml/datatype/package-frame.html
javax.xml.namespace =  https://docs.oracle.com/javase/7/docs/api/javax/xml/namespace/package-frame.html
javax.xml.parsers =  https://docs.oracle.com/javase/7/docs/api/javax/xml/parsers/package-frame.html
javax.xml.soap =  https://docs.oracle.com/javase/7/docs/api/javax/xml/soap/package-frame.html
javax.xml.stream =  https://docs.oracle.com/javase/7/docs/api/javax/xml/stream/package-frame.html
javax.xml.stream.events =  https://docs.oracle.com/javase/7/docs/api/javax/xml/stream/events/package-frame.html
javax.xml.stream.util =  https://docs.oracle.com/javase/7/docs/api/javax/xml/stream/util/package-frame.html
javax.xml.transform =  https://docs.oracle.com/javase/7/docs/api/javax/xml/transform/package-frame.html
javax.xml.transform.dom =  https://docs.oracle.com/javase/7/docs/api/javax/xml/transform/dom/package-frame.html
javax.xml.transform.sax =  https://docs.oracle.com/javase/7/docs/api/javax/xml/transform/sax/package-frame.html
javax.xml.transform.stax =  https://docs.oracle.com/javase/7/docs/api/javax/xml/transform/stax/package-frame.html
javax.xml.transform.stream =  https://docs.oracle.com/javase/7/docs/api/javax/xml/transform/stream/package-frame.html
javax.xml.validation =  https://docs.oracle.com/javase/7/docs/api/javax/xml/validation/package-frame.html
javax.xml.ws =  https://docs.oracle.com/javase/7/docs/api/javax/xml/ws/package-frame.html
javax.xml.ws.handler =  https://docs.oracle.com/javase/7/docs/api/javax/xml/ws/handler/package-frame.html
javax.xml.ws.handler.soap =  https://docs.oracle.com/javase/7/docs/api/javax/xml/ws/handler/soap/package-frame.html
javax.xml.ws.http =  https://docs.oracle.com/javase/7/docs/api/javax/xml/ws/http/package-frame.html
javax.xml.ws.soap =  https://docs.oracle.com/javase/7/docs/api/javax/xml/ws/soap/package-frame.html
javax.xml.ws.spi =  https://docs.oracle.com/javase/7/docs/api/javax/xml/ws/spi/package-frame.html
javax.xml.ws.spi.http =  https://docs.oracle.com/javase/7/docs/api/javax/xml/ws/spi/http/package-frame.html
javax.xml.ws.wsaddressing =  https://docs.oracle.com/javase/7/docs/api/javax/xml/ws/wsaddressing/package-frame.html
javax.xml.xpath =  https://docs.oracle.com/javase/7/docs/api/javax/xml/xpath/package-frame.html
org.ietf.jgss =  https://docs.oracle.com/javase/7/docs/api/org/ietf/jgss/package-frame.html
org.omg.CORBA =  https://docs.oracle.com/javase/7/docs/api/org/omg/CORBA/package-frame.html
org.omg.CORBA_2_3 =  https://docs.oracle.com/javase/7/docs/api/org/omg/CORBA_2_3/package-frame.html
org.omg.CORBA_2_3.portable =  https://docs.oracle.com/javase/7/docs/api/org/omg/CORBA_2_3/portable/package-frame.html
org.omg.CORBA.DynAnyPackage =  https://docs.oracle.com/javase/7/docs/api/org/omg/CORBA/DynAnyPackage/package-frame.html
org.omg.CORBA.ORBPackage =  https://docs.oracle.com/javase/7/docs/api/org/omg/CORBA/ORBPackage/package-frame.html
org.omg.CORBA.portable =  https://docs.oracle.com/javase/7/docs/api/org/omg/CORBA/portable/package-frame.html
org.omg.CORBA.TypeCodePackage =  https://docs.oracle.com/javase/7/docs/api/org/omg/CORBA/TypeCodePackage/package-frame.html
org.omg.CosNaming =  https://docs.oracle.com/javase/7/docs/api/org/omg/CosNaming/package-frame.html
org.omg.CosNaming.NamingContextExtPackage =  https://docs.oracle.com/javase/7/docs/api/org/omg/CosNaming/NamingContextExtPackage/package-frame.html
org.omg.CosNaming.NamingContextPackage =  https://docs.oracle.com/javase/7/docs/api/org/omg/CosNaming/NamingContextPackage/package-frame.html
org.omg.Dynamic =  https://docs.oracle.com/javase/7/docs/api/org/omg/Dynamic/package-frame.html
org.omg.DynamicAny =  https://docs.oracle.com/javase/7/docs/api/org/omg/DynamicAny/package-frame.html
org.omg.DynamicAny.DynAnyFactoryPackage =  https://docs.oracle.com/javase/7/docs/api/org/omg/DynamicAny/DynAnyFactoryPackage/package-frame.html
org.omg.DynamicAny.DynAnyPackage =  https://docs.oracle.com/javase/7/docs/api/org/omg/DynamicAny/DynAnyPackage/package-frame.html
org.omg.IOP =  https://docs.oracle.com/javase/7/docs/api/org/omg/IOP/package-frame.html
org.omg.IOP.CodecFactoryPackage =  https://docs.oracle.com/javase/7/docs/api/org/omg/IOP/CodecFactoryPackage/package-frame.html
org.omg.IOP.CodecPackage =  https://docs.oracle.com/javase/7/docs/api/org/omg/IOP/CodecPackage/package-frame.html
org.omg.Messaging =  https://docs.oracle.com/javase/7/docs/api/org/omg/Messaging/package-frame.html
org.omg.PortableInterceptor =  https://docs.oracle.com/javase/7/docs/api/org/omg/PortableInterceptor/package-frame.html
org.omg.PortableInterceptor.ORBInitInfoPackage =  https://docs.oracle.com/javase/7/docs/api/org/omg/PortableInterceptor/ORBInitInfoPackage/package-frame.html
org.omg.PortableServer =  https://docs.oracle.com/javase/7/docs/api/org/omg/PortableServer/package-frame.html
org.omg.PortableServer.CurrentPackage =  https://docs.oracle.com/javase/7/docs/api/org/omg/PortableServer/CurrentPackage/package-frame.html
org.omg.PortableServer.POAManagerPackage =  https://docs.oracle.com/javase/7/docs/api/org/omg/PortableServer/POAManagerPackage/package-frame.html
org.omg.PortableServer.POAPackage =  https://docs.oracle.com/javase/7/docs/api/org/omg/PortableServer/POAPackage/package-frame.html
org.omg.PortableServer.portable =  https://docs.oracle.com/javase/7/docs/api/org/omg/PortableServer/portable/package-frame.html
org.omg.PortableServer.ServantLocatorPackage =  https://docs.oracle.com/javase/7/docs/api/org/omg/PortableServer/ServantLocatorPackage/package-frame.html
org.omg.SendingContext =  https://docs.oracle.com/javase/7/docs/api/org/omg/SendingContext/package-frame.html
org.omg.stub.java.rmi =  https://docs.oracle.com/javase/7/docs/api/org/omg/stub/java/rmi/package-frame.html
org.w3c.dom =  https://docs.oracle.com/javase/7/docs/api/org/w3c/dom/package-frame.html
org.w3c.dom.bootstrap =  https://docs.oracle.com/javase/7/docs/api/org/w3c/dom/bootstrap/package-frame.html
org.w3c.dom.events =  https://docs.oracle.com/javase/7/docs/api/org/w3c/dom/events/package-frame.html
org.w3c.dom.ls =  https://docs.oracle.com/javase/7/docs/api/org/w3c/dom/ls/package-frame.html
org.xml.sax =  https://docs.oracle.com/javase/7/docs/api/org/xml/sax/package-frame.html
org.xml.sax.ext =  https://docs.oracle.com/javase/7/docs/api/org/xml/sax/ext/package-frame.html
org.xml.sax.helpers =  https://docs.oracle.com/javase/7/docs/api/org/xml/sax/helpers/package-frame.html
Total number of links: ===209
----------packageFrame--------------------
URL'https://docs.oracle.com/javase/7/docs/api/
AbstractAction =  https://docs.oracle.com/javase/7/docs/api/javax/swing/AbstractAction.html
AbstractAnnotationValueVisitor6 =  https://docs.oracle.com/javase/7/docs/api/javax/lang/model/util/AbstractAnnotationValueVisitor6.html
AbstractAnnotationValueVisitor7 =  https://docs.oracle.com/javase/7/docs/api/javax/lang/model/util/AbstractAnnotationValueVisitor7.html
AbstractBorder =  https://docs.oracle.com/javase/7/docs/api/javax/swing/border/AbstractBorder.html
AbstractButton =  https://docs.oracle.com/javase/7/docs/api/javax/swing/AbstractButton.html
AbstractCellEditor =  https://docs.oracle.com/javase/7/docs/api/javax/swing/AbstractCellEditor.html
AbstractCollection =  https://docs.oracle.com/javase/7/docs/api/java/util/AbstractCollection.html
AbstractColorChooserPanel =  https://docs.oracle.com/javase/7/docs/api/javax/swing/colorchooser/AbstractColorChooserPanel.html
AbstractDocument =  https://docs.oracle.com/javase/7/docs/api/javax/swing/text/AbstractDocument.html
AbstractDocument.AttributeContext =  https://docs.oracle.com/javase/7/docs/api/javax/swing/text/AbstractDocument.AttributeContext.html
AbstractDocument.Content =  https://docs.oracle.com/javase/7/docs/api/javax/swing/text/AbstractDocument.Content.html
AbstractDocument.ElementEdit =  https://docs.oracle.com/javase/7/docs/api/javax/swing/text/AbstractDocument.ElementEdit.html
AbstractElementVisitor6 =  https://docs.oracle.com/javase/7/docs/api/javax/lang/model/util/AbstractElementVisitor6.html
AbstractElementVisitor7 =  https://docs.oracle.com/javase/7/docs/api/javax/lang/model/util/AbstractElementVisitor7.html
AbstractExecutorService =  https://docs.oracle.com/javase/7/docs/api/java/util/concurrent/AbstractExecutorService.html
AbstractInterruptibleChannel =  https://docs.oracle.com/javase/7/docs/api/java/nio/channels/spi/AbstractInterruptibleChannel.html
AbstractLayoutCache =  https://docs.oracle.com/javase/7/docs/api/javax/swing/tree/AbstractLayoutCache.html
AbstractLayoutCache.NodeDimensions =  https://docs.oracle.com/javase/7/docs/api/javax/swing/tree/AbstractLayoutCache.NodeDimensions.html
AbstractList =  https://docs.oracle.com/javase/7/docs/api/java/util/AbstractList.html
AbstractListModel =  https://docs.oracle.com/javase/7/docs/api/javax/swing/AbstractListModel.html
AbstractMap =  https://docs.oracle.com/javase/7/docs/api/java/util/AbstractMap.html
AbstractMap.SimpleEntry =  https://docs.oracle.com/javase/7/docs/api/java/util/AbstractMap.SimpleEntry.html
AbstractMap.SimpleImmutableEntry =  https://docs.oracle.com/javase/7/docs/api/java/util/AbstractMap.SimpleImmutableEntry.html
AbstractMarshallerImpl =  https://docs.oracle.com/javase/7/docs/api/javax/xml/bind/helpers/AbstractMarshallerImpl.html
AbstractMethodError =  https://docs.oracle.com/javase/7/docs/api/java/lang/AbstractMethodError.html
AbstractOwnableSynchronizer =  https://docs.oracle.com/javase/7/docs/api/java/util/concurrent/locks/AbstractOwnableSynchronizer.html
AbstractPreferences =  https://docs.oracle.com/javase/7/docs/api/java/util/prefs/AbstractPreferences.html
AbstractProcessor =  https://docs.oracle.com/javase/7/docs/api/javax/annotation/processing/AbstractProcessor.html
AbstractQueue =  https://docs.oracle.com/javase/7/docs/api/java/util/AbstractQueue.html
AbstractQueuedLongSynchronizer =  https://docs.oracle.com/javase/7/docs/api/java/util/concurrent/locks/AbstractQueuedLongSynchronizer.html
AbstractQueuedSynchronizer =  https://docs.oracle.com/javase/7/docs/api/java/util/concurrent/locks/AbstractQueuedSynchronizer.html
AbstractRegionPainter =  https://docs.oracle.com/javase/7/docs/api/javax/swing/plaf/nimbus/AbstractRegionPainter.html
AbstractRegionPainter.PaintContext =  https://docs.oracle.com/javase/7/docs/api/javax/swing/plaf/nimbus/AbstractRegionPainter.PaintContext.html
AbstractRegionPainter.PaintContext.CacheMode =  https://docs.oracle.com/javase/7/docs/api/javax/swing/plaf/nimbus/AbstractRegionPainter.PaintContext.CacheMode.html
AbstractScriptEngine =  https://docs.oracle.com/javase/7/docs/api/javax/script/AbstractScriptEngine.html
AbstractSelectableChannel =  https://docs.oracle.com/javase/7/docs/api/java/nio/channels/spi/AbstractSelectableChannel.html
AbstractSelectionKey =  https://docs.oracle.com/javase/7/docs/api/java/nio/channels/spi/AbstractSelectionKey.html
AbstractSelector =  https://docs.oracle.com/javase/7/docs/api/java/nio/channels/spi/AbstractSelector.html
AbstractSequentialList =  https://docs.oracle.com/javase/7/docs/api/java/util/AbstractSequentialList.html
AbstractSet =  https://docs.oracle.com/javase/7/docs/api/java/util/AbstractSet.html
AbstractSpinnerModel =  https://docs.oracle.com/javase/7/docs/api/javax/swing/AbstractSpinnerModel.html
AbstractTableModel =  https://docs.oracle.com/javase/7/docs/api/javax/swing/table/AbstractTableModel.html
AbstractTypeVisitor6 =  https://docs.oracle.com/javase/7/docs/api/javax/lang/model/util/AbstractTypeVisitor6.html
AbstractTypeVisitor7 =  https://docs.oracle.com/javase/7/docs/api/javax/lang/model/util/AbstractTypeVisitor7.html
AbstractUndoableEdit =  https://docs.oracle.com/javase/7/docs/api/javax/swing/undo/AbstractUndoableEdit.html
AbstractUnmarshallerImpl =  https://docs.oracle.com/javase/7/docs/api/javax/xml/bind/helpers/AbstractUnmarshallerImpl.html
AbstractWriter =  https://docs.oracle.com/javase/7/docs/api/javax/swing/text/AbstractWriter.html
AcceptPendingException =  https://docs.oracle.com/javase/7/docs/api/java/nio/channels/AcceptPendingException.html
AccessControlContext =  https://docs.oracle.com/javase/7/docs/api/java/security/AccessControlContext.html
AccessControlException =  https://docs.oracle.com/javase/7/docs/api/java/security/AccessControlException.html
AccessController =  https://docs.oracle.com/javase/7/docs/api/java/security/AccessController.html
AccessDeniedException =  https://docs.oracle.com/javase/7/docs/api/java/nio/file/AccessDeniedException.html
AccessException =  https://docs.oracle.com/javase/7/docs/api/java/rmi/AccessException.html
Accessible =  https://docs.oracle.com/javase/7/docs/api/javax/accessibility/Accessible.html
AccessibleAction =  https://docs.oracle.com/javase/7/docs/api/javax/accessibility/AccessibleAction.html
AccessibleAttributeSequence =  https://docs.oracle.com/javase/7/docs/api/javax/accessibility/AccessibleAttributeSequence.html
AccessibleBundle =  https://docs.oracle.com/javase/7/docs/api/javax/accessibility/AccessibleBundle.html
AccessibleComponent =  https://docs.oracle.com/javase/7/docs/api/javax/accessibility/AccessibleComponent.html
AccessibleContext =  https://docs.oracle.com/javase/7/docs/api/javax/accessibility/AccessibleContext.html
AccessibleEditableText =  https://docs.oracle.com/javase/7/docs/api/javax/accessibility/AccessibleEditableText.html
AccessibleExtendedComponent =  https://docs.oracle.com/javase/7/docs/api/javax/accessibility/AccessibleExtendedComponent.html
AccessibleExtendedTable =  https://docs.oracle.com/javase/7/docs/api/javax/accessibility/AccessibleExtendedTable.html
AccessibleExtendedText =  https://docs.oracle.com/javase/7/docs/api/javax/accessibility/AccessibleExtendedText.html
AccessibleHyperlink =  https://docs.oracle.com/javase/7/docs/api/javax/accessibility/AccessibleHyperlink.html
AccessibleHypertext =  https://docs.oracle.com/javase/7/docs/api/javax/accessibility/AccessibleHypertext.html
AccessibleIcon =  https://docs.oracle.com/javase/7/docs/api/javax/accessibility/AccessibleIcon.html
AccessibleKeyBinding =  https://docs.oracle.com/javase/7/docs/api/javax/accessibility/AccessibleKeyBinding.html
AccessibleObject =  https://docs.oracle.com/javase/7/docs/api/java/lang/reflect/AccessibleObject.html
AccessibleRelation =  https://docs.oracle.com/javase/7/docs/api/javax/accessibility/AccessibleRelation.html
AccessibleRelationSet =  https://docs.oracle.com/javase/7/docs/api/javax/accessibility/AccessibleRelationSet.html
AccessibleResourceBundle =  https://docs.oracle.com/javase/7/docs/api/javax/accessibility/AccessibleResourceBundle.html
AccessibleRole =  https://docs.oracle.com/javase/7/docs/api/javax/accessibility/AccessibleRole.html
AccessibleSelection =  https://docs.oracle.com/javase/7/docs/api/javax/accessibility/AccessibleSelection.html
AccessibleState =  https://docs.oracle.com/javase/7/docs/api/javax/accessibility/AccessibleState.html
AccessibleStateSet =  https://docs.oracle.com/javase/7/docs/api/javax/accessibility/AccessibleStateSet.html
AccessibleStreamable =  https://docs.oracle.com/javase/7/docs/api/javax/accessibility/AccessibleStreamable.html
AccessibleTable =  https://docs.oracle.com/javase/7/docs/api/javax/accessibility/AccessibleTable.html
AccessibleTableModelChange =  https://docs.oracle.com/javase/7/docs/api/javax/accessibility/AccessibleTableModelChange.html
AccessibleText =  https://docs.oracle.com/javase/7/docs/api/javax/accessibility/AccessibleText.html
AccessibleTextSequence =  https://docs.oracle.com/javase/7/docs/api/javax/accessibility/AccessibleTextSequence.html
AccessibleValue =  https://docs.oracle.com/javase/7/docs/api/javax/accessibility/AccessibleValue.html
AccessMode =  https://docs.oracle.com/javase/7/docs/api/java/nio/file/AccessMode.html
AccountException =  https://docs.oracle.com/javase/7/docs/api/javax/security/auth/login/AccountException.html
AccountExpiredException =  https://docs.oracle.com/javase/7/docs/api/javax/security/auth/login/AccountExpiredException.html
AccountLockedException =  https://docs.oracle.com/javase/7/docs/api/javax/security/auth/login/AccountLockedException.html
AccountNotFoundException =  https://docs.oracle.com/javase/7/docs/api/javax/security/auth/login/AccountNotFoundException.html
Acl =  https://docs.oracle.com/javase/7/docs/api/java/security/acl/Acl.html
AclEntry =  https://docs.oracle.com/javase/7/docs/api/java/nio/file/attribute/AclEntry.html
AclEntry =  https://docs.oracle.com/javase/7/docs/api/java/security/acl/AclEntry.html
AclEntry.Builder =  https://docs.oracle.com/javase/7/docs/api/java/nio/file/attribute/AclEntry.Builder.html
AclEntryFlag =  https://docs.oracle.com/javase/7/docs/api/java/nio/file/attribute/AclEntryFlag.html
AclEntryPermission =  https://docs.oracle.com/javase/7/docs/api/java/nio/file/attribute/AclEntryPermission.html
AclEntryType =  https://docs.oracle.com/javase/7/docs/api/java/nio/file/attribute/AclEntryType.html
AclFileAttributeView =  https://docs.oracle.com/javase/7/docs/api/java/nio/file/attribute/AclFileAttributeView.html
AclNotFoundException =  https://docs.oracle.com/javase/7/docs/api/java/security/acl/AclNotFoundException.html
Action =  https://docs.oracle.com/javase/7/docs/api/javax/swing/Action.html
Action =  https://docs.oracle.com/javase/7/docs/api/javax/xml/ws/Action.html
ActionEvent =  https://docs.oracle.com/javase/7/docs/api/java/awt/event/ActionEvent.html
ActionListener =  https://docs.oracle.com/javase/7/docs/api/java/awt/event/ActionListener.html
ActionMap =  https://docs.oracle.com/javase/7/docs/api/javax/swing/ActionMap.html
ActionMapUIResource =  https://docs.oracle.com/javase/7/docs/api/javax/swing/plaf/ActionMapUIResource.html
Activatable =  https://docs.oracle.com/javase/7/docs/api/java/rmi/activation/Activatable.html
ActivateFailedException =  https://docs.oracle.com/javase/7/docs/api/java/rmi/activation/ActivateFailedException.html
ActivationDataFlavor =  https://docs.oracle.com/javase/7/docs/api/javax/activation/ActivationDataFlavor.html
ActivationDesc =  https://docs.oracle.com/javase/7/docs/api/java/rmi/activation/ActivationDesc.html
ActivationException =  https://docs.oracle.com/javase/7/docs/api/java/rmi/activation/ActivationException.html
ActivationGroup =  https://docs.oracle.com/javase/7/docs/api/java/rmi/activation/ActivationGroup.html
ActivationGroup_Stub =  https://docs.oracle.com/javase/7/docs/api/java/rmi/activation/ActivationGroup_Stub.html
ActivationGroupDesc =  https://docs.oracle.com/javase/7/docs/api/java/rmi/activation/ActivationGroupDesc.html
ActivationGroupDesc.CommandEnvironment =  https://docs.oracle.com/javase/7/docs/api/java/rmi/activation/ActivationGroupDesc.CommandEnvironment.html
ActivationGroupID =  https://docs.oracle.com/javase/7/docs/api/java/rmi/activation/ActivationGroupID.html
ActivationID =  https://docs.oracle.com/javase/7/docs/api/java/rmi/activation/ActivationID.html
ActivationInstantiator =  https://docs.oracle.com/javase/7/docs/api/java/rmi/activation/ActivationInstantiator.html
ActivationMonitor =  https://docs.oracle.com/javase/7/docs/api/java/rmi/activation/ActivationMonitor.html
ActivationSystem =  https://docs.oracle.com/javase/7/docs/api/java/rmi/activation/ActivationSystem.html
Activator =  https://docs.oracle.com/javase/7/docs/api/java/rmi/activation/Activator.html
ACTIVE =  https://docs.oracle.com/javase/7/docs/api/org/omg/PortableInterceptor/ACTIVE.html
ActiveEvent =  https://docs.oracle.com/javase/7/docs/api/java/awt/ActiveEvent.html
ACTIVITY_COMPLETED =  https://docs.oracle.com/javase/7/docs/api/org/omg/CORBA/ACTIVITY_COMPLETED.html
ACTIVITY_REQUIRED =  https://docs.oracle.com/javase/7/docs/api/org/omg/CORBA/ACTIVITY_REQUIRED.html
ActivityCompletedException =  https://docs.oracle.com/javase/7/docs/api/javax/activity/ActivityCompletedException.html
ActivityRequiredException =  https://docs.oracle.com/javase/7/docs/api/javax/activity/ActivityRequiredException.html
AdapterActivator =  https://docs.oracle.com/javase/7/docs/api/org/omg/PortableServer/AdapterActivator.html
AdapterActivatorOperations =  https://docs.oracle.com/javase/7/docs/api/org/omg/PortableServer/AdapterActivatorOperations.html
AdapterAlreadyExists =  https://docs.oracle.com/javase/7/docs/api/org/omg/PortableServer/POAPackage/AdapterAlreadyExists.html
AdapterAlreadyExistsHelper =  https://docs.oracle.com/javase/7/docs/api/org/omg/PortableServer/POAPackage/AdapterAlreadyExistsHelper.html
AdapterInactive =  https://docs.oracle.com/javase/7/docs/api/org/omg/PortableServer/POAManagerPackage/AdapterInactive.html
AdapterInactiveHelper =  https://docs.oracle.com/javase/7/docs/api/org/omg/PortableServer/POAManagerPackage/AdapterInactiveHelper.html
AdapterManagerIdHelper =  https://docs.oracle.com/javase/7/docs/api/org/omg/PortableInterceptor/AdapterManagerIdHelper.html
AdapterNameHelper =  https://docs.oracle.com/javase/7/docs/api/org/omg/PortableInterceptor/AdapterNameHelper.html
AdapterNonExistent =  https://docs.oracle.com/javase/7/docs/api/org/omg/PortableServer/POAPackage/AdapterNonExistent.html
AdapterNonExistentHelper =  https://docs.oracle.com/javase/7/docs/api/org/omg/PortableServer/POAPackage/AdapterNonExistentHelper.html
AdapterStateHelper =  https://docs.oracle.com/javase/7/docs/api/org/omg/PortableInterceptor/AdapterStateHelper.html
AddressHelper =  https://docs.oracle.com/javase/7/docs/api/org/omg/CosNaming/NamingContextExtPackage/AddressHelper.html
Addressing =  https://docs.oracle.com/javase/7/docs/api/javax/xml/ws/soap/Addressing.html
AddressingFeature =  https://docs.oracle.com/javase/7/docs/api/javax/xml/ws/soap/AddressingFeature.html
AddressingFeature.Responses =  https://docs.oracle.com/javase/7/docs/api/javax/xml/ws/soap/AddressingFeature.Responses.html
Adjustable =  https://docs.oracle.com/javase/7/docs/api/java/awt/Adjustable.html
AdjustmentEvent =  https://docs.oracle.com/javase/7/docs/api/java/awt/event/AdjustmentEvent.html
AdjustmentListener =  https://docs.oracle.com/javase/7/docs/api/java/awt/event/AdjustmentListener.html
Adler32 =  https://docs.oracle.com/javase/7/docs/api/java/util/zip/Adler32.html
AEADBadTagException =  https://docs.oracle.com/javase/7/docs/api/javax/crypto/AEADBadTagException.html
AffineTransform =  https://docs.oracle.com/javase/7/docs/api/java/awt/geom/AffineTransform.html
AffineTransformOp =  https://docs.oracle.com/javase/7/docs/api/java/awt/image/AffineTransformOp.html
AlgorithmConstraints =  https://docs.oracle.com/javase/7/docs/api/java/security/AlgorithmConstraints.html
AlgorithmMethod =  https://docs.oracle.com/javase/7/docs/api/javax/xml/crypto/AlgorithmMethod.html
AlgorithmParameterGenerator =  https://docs.oracle.com/javase/7/docs/api/java/security/AlgorithmParameterGenerator.html
AlgorithmParameterGeneratorSpi =  https://docs.oracle.com/javase/7/docs/api/java/security/AlgorithmParameterGeneratorSpi.html
AlgorithmParameters =  https://docs.oracle.com/javase/7/docs/api/java/security/AlgorithmParameters.html
AlgorithmParameterSpec =  https://docs.oracle.com/javase/7/docs/api/java/security/spec/AlgorithmParameterSpec.html
AlgorithmParametersSpi =  https://docs.oracle.com/javase/7/docs/api/java/security/AlgorithmParametersSpi.html
AllPermission =  https://docs.oracle.com/javase/7/docs/api/java/security/AllPermission.html
AlphaComposite =  https://docs.oracle.com/javase/7/docs/api/java/awt/AlphaComposite.html
AlreadyBound =  https://docs.oracle.com/javase/7/docs/api/org/omg/CosNaming/NamingContextPackage/AlreadyBound.html
AlreadyBoundException =  https://docs.oracle.com/javase/7/docs/api/java/nio/channels/AlreadyBoundException.html
AlreadyBoundException =  https://docs.oracle.com/javase/7/docs/api/java/rmi/AlreadyBoundException.html
AlreadyBoundHelper =  https://docs.oracle.com/javase/7/docs/api/org/omg/CosNaming/NamingContextPackage/AlreadyBoundHelper.html
AlreadyBoundHolder =  https://docs.oracle.com/javase/7/docs/api/org/omg/CosNaming/NamingContextPackage/AlreadyBoundHolder.html
AlreadyConnectedException =  https://docs.oracle.com/javase/7/docs/api/java/nio/channels/AlreadyConnectedException.html
AncestorEvent =  https://docs.oracle.com/javase/7/docs/api/javax/swing/event/AncestorEvent.html
AncestorListener =  https://docs.oracle.com/javase/7/docs/api/javax/swing/event/AncestorListener.html
AnnotatedElement =  https://docs.oracle.com/javase/7/docs/api/java/lang/reflect/AnnotatedElement.html
Annotation =  https://docs.oracle.com/javase/7/docs/api/java/lang/annotation/Annotation.html
Annotation =  https://docs.oracle.com/javase/7/docs/api/java/text/Annotation.html
AnnotationFormatError =  https://docs.oracle.com/javase/7/docs/api/java/lang/annotation/AnnotationFormatError.html
AnnotationMirror =  https://docs.oracle.com/javase/7/docs/api/javax/lang/model/element/AnnotationMirror.html
AnnotationTypeMismatchException =  https://docs.oracle.com/javase/7/docs/api/java/lang/annotation/AnnotationTypeMismatchException.html
AnnotationValue =  https://docs.oracle.com/javase/7/docs/api/javax/lang/model/element/AnnotationValue.html
AnnotationValueVisitor =  https://docs.oracle.com/javase/7/docs/api/javax/lang/model/element/AnnotationValueVisitor.html
Any =  https://docs.oracle.com/javase/7/docs/api/org/omg/CORBA/Any.html
AnyHolder =  https://docs.oracle.com/javase/7/docs/api/org/omg/CORBA/AnyHolder.html
AnySeqHelper =  https://docs.oracle.com/javase/7/docs/api/org/omg/CORBA/AnySeqHelper.html
AnySeqHelper =  https://docs.oracle.com/javase/7/docs/api/org/omg/DynamicAny/AnySeqHelper.html
AnySeqHolder =  https://docs.oracle.com/javase/7/docs/api/org/omg/CORBA/AnySeqHolder.html
AppConfigurationEntry =  https://docs.oracle.com/javase/7/docs/api/javax/security/auth/login/AppConfigurationEntry.html
AppConfigurationEntry.LoginModuleControlFlag =  https://docs.oracle.com/javase/7/docs/api/javax/security/auth/login/AppConfigurationEntry.LoginModuleControlFlag.html
Appendable =  https://docs.oracle.com/javase/7/docs/api/java/lang/Appendable.html
Applet =  https://docs.oracle.com/javase/7/docs/api/java/applet/Applet.html
AppletContext =  https://docs.oracle.com/javase/7/docs/api/java/applet/AppletContext.html
AppletInitializer =  https://docs.oracle.com/javase/7/docs/api/java/beans/AppletInitializer.html
AppletStub =  https://docs.oracle.com/javase/7/docs/api/java/applet/AppletStub.html
ApplicationException =  https://docs.oracle.com/javase/7/docs/api/org/omg/CORBA/portable/ApplicationException.html
Arc2D =  https://docs.oracle.com/javase/7/docs/api/java/awt/geom/Arc2D.html
Arc2D.Double =  https://docs.oracle.com/javase/7/docs/api/java/awt/geom/Arc2D.Double.html
Arc2D.Float =  https://docs.oracle.com/javase/7/docs/api/java/awt/geom/Arc2D.Float.html
Area =  https://docs.oracle.com/javase/7/docs/api/java/awt/geom/Area.html
AreaAveragingScaleFilter =  https://docs.oracle.com/javase/7/docs/api/java/awt/image/AreaAveragingScaleFilter.html
ARG_IN =  https://docs.oracle.com/javase/7/docs/api/org/omg/CORBA/ARG_IN.html
ARG_INOUT =  https://docs.oracle.com/javase/7/docs/api/org/omg/CORBA/ARG_INOUT.html
ARG_OUT =  https://docs.oracle.com/javase/7/docs/api/org/omg/CORBA/ARG_OUT.html
ArithmeticException =  https://docs.oracle.com/javase/7/docs/api/java/lang/ArithmeticException.html
Array =  https://docs.oracle.com/javase/7/docs/api/java/lang/reflect/Array.html
Array =  https://docs.oracle.com/javase/7/docs/api/java/sql/Array.html
ArrayBlockingQueue =  https://docs.oracle.com/javase/7/docs/api/java/util/concurrent/ArrayBlockingQueue.html
ArrayDeque =  https://docs.oracle.com/javase/7/docs/api/java/util/ArrayDeque.html
ArrayIndexOutOfBoundsException =  https://docs.oracle.com/javase/7/docs/api/java/lang/ArrayIndexOutOfBoundsException.html
ArrayList =  https://docs.oracle.com/javase/7/docs/api/java/util/ArrayList.html
Arrays =  https://docs.oracle.com/javase/7/docs/api/java/util/Arrays.html
ArrayStoreException =  https://docs.oracle.com/javase/7/docs/api/java/lang/ArrayStoreException.html
ArrayType =  https://docs.oracle.com/javase/7/docs/api/javax/lang/model/type/ArrayType.html
ArrayType =  https://docs.oracle.com/javase/7/docs/api/javax/management/openmbean/ArrayType.html
AssertionError =  https://docs.oracle.com/javase/7/docs/api/java/lang/AssertionError.html
AsyncBoxView =  https://docs.oracle.com/javase/7/docs/api/javax/swing/text/AsyncBoxView.html
AsyncHandler =  https://docs.oracle.com/javase/7/docs/api/javax/xml/ws/AsyncHandler.html
AsynchronousByteChannel =  https://docs.oracle.com/javase/7/docs/api/java/nio/channels/AsynchronousByteChannel.html
AsynchronousChannel =  https://docs.oracle.com/javase/7/docs/api/java/nio/channels/AsynchronousChannel.html
AsynchronousChannelGroup =  https://docs.oracle.com/javase/7/docs/api/java/nio/channels/AsynchronousChannelGroup.html
AsynchronousChannelProvider =  https://docs.oracle.com/javase/7/docs/api/java/nio/channels/spi/AsynchronousChannelProvider.html
AsynchronousCloseException =  https://docs.oracle.com/javase/7/docs/api/java/nio/channels/AsynchronousCloseException.html
AsynchronousFileChannel =  https://docs.oracle.com/javase/7/docs/api/java/nio/channels/AsynchronousFileChannel.html
AsynchronousServerSocketChannel =  https://docs.oracle.com/javase/7/docs/api/java/nio/channels/AsynchronousServerSocketChannel.html
AsynchronousSocketChannel =  https://docs.oracle.com/javase/7/docs/api/java/nio/channels/AsynchronousSocketChannel.html
AtomicBoolean =  https://docs.oracle.com/javase/7/docs/api/java/util/concurrent/atomic/AtomicBoolean.html
AtomicInteger =  https://docs.oracle.com/javase/7/docs/api/java/util/concurrent/atomic/AtomicInteger.html
AtomicIntegerArray =  https://docs.oracle.com/javase/7/docs/api/java/util/concurrent/atomic/AtomicIntegerArray.html
AtomicIntegerFieldUpdater =  https://docs.oracle.com/javase/7/docs/api/java/util/concurrent/atomic/AtomicIntegerFieldUpdater.html
AtomicLong =  https://docs.oracle.com/javase/7/docs/api/java/util/concurrent/atomic/AtomicLong.html
AtomicLongArray =  https://docs.oracle.com/javase/7/docs/api/java/util/concurrent/atomic/AtomicLongArray.html
AtomicLongFieldUpdater =  https://docs.oracle.com/javase/7/docs/api/java/util/concurrent/atomic/AtomicLongFieldUpdater.html
AtomicMarkableReference =  https://docs.oracle.com/javase/7/docs/api/java/util/concurrent/atomic/AtomicMarkableReference.html
AtomicMoveNotSupportedException =  https://docs.oracle.com/javase/7/docs/api/java/nio/file/AtomicMoveNotSupportedException.html
AtomicReference =  https://docs.oracle.com/javase/7/docs/api/java/util/concurrent/atomic/AtomicReference.html
AtomicReferenceArray =  https://docs.oracle.com/javase/7/docs/api/java/util/concurrent/atomic/AtomicReferenceArray.html
AtomicReferenceFieldUpdater =  https://docs.oracle.com/javase/7/docs/api/java/util/concurrent/atomic/AtomicReferenceFieldUpdater.html
AtomicStampedReference =  https://docs.oracle.com/javase/7/docs/api/java/util/concurrent/atomic/AtomicStampedReference.html
AttachmentMarshaller =  https://docs.oracle.com/javase/7/docs/api/javax/xml/bind/attachment/AttachmentMarshaller.html
AttachmentPart =  https://docs.oracle.com/javase/7/docs/api/javax/xml/soap/AttachmentPart.html
AttachmentUnmarshaller =  https://docs.oracle.com/javase/7/docs/api/javax/xml/bind/attachment/AttachmentUnmarshaller.html
Attr =  https://docs.oracle.com/javase/7/docs/api/org/w3c/dom/Attr.html
Attribute =  https://docs.oracle.com/javase/7/docs/api/javax/management/Attribute.html
Attribute =  https://docs.oracle.com/javase/7/docs/api/javax/naming/directory/Attribute.html
Attribute =  https://docs.oracle.com/javase/7/docs/api/javax/print/attribute/Attribute.html
Attribute =  https://docs.oracle.com/javase/7/docs/api/javax/xml/stream/events/Attribute.html
AttributeChangeNotification =  https://docs.oracle.com/javase/7/docs/api/javax/management/AttributeChangeNotification.html
AttributeChangeNotificationFilter =  https://docs.oracle.com/javase/7/docs/api/javax/management/AttributeChangeNotificationFilter.html
AttributedCharacterIterator =  https://docs.oracle.com/javase/7/docs/api/java/text/AttributedCharacterIterator.html
AttributedCharacterIterator.Attribute =  https://docs.oracle.com/javase/7/docs/api/java/text/AttributedCharacterIterator.Attribute.html
AttributedString =  https://docs.oracle.com/javase/7/docs/api/java/text/AttributedString.html
AttributeException =  https://docs.oracle.com/javase/7/docs/api/javax/print/AttributeException.html
AttributeInUseException =  https://docs.oracle.com/javase/7/docs/api/javax/naming/directory/AttributeInUseException.html
AttributeList =  https://docs.oracle.com/javase/7/docs/api/javax/management/AttributeList.html
AttributeList =  https://docs.oracle.com/javase/7/docs/api/javax/swing/text/html/parser/AttributeList.html
AttributeList =  https://docs.oracle.com/javase/7/docs/api/org/xml/sax/AttributeList.html
AttributeListImpl =  https://docs.oracle.com/javase/7/docs/api/org/xml/sax/helpers/AttributeListImpl.html
AttributeModificationException =  https://docs.oracle.com/javase/7/docs/api/javax/naming/directory/AttributeModificationException.html
AttributeNotFoundException =  https://docs.oracle.com/javase/7/docs/api/javax/management/AttributeNotFoundException.html
Attributes =  https://docs.oracle.com/javase/7/docs/api/java/util/jar/Attributes.html
Attributes =  https://docs.oracle.com/javase/7/docs/api/javax/naming/directory/Attributes.html
Attributes =  https://docs.oracle.com/javase/7/docs/api/org/xml/sax/Attributes.html
Attributes.Name =  https://docs.oracle.com/javase/7/docs/api/java/util/jar/Attributes.Name.html
Attributes2 =  https://docs.oracle.com/javase/7/docs/api/org/xml/sax/ext/Attributes2.html
Attributes2Impl =  https://docs.oracle.com/javase/7/docs/api/org/xml/sax/ext/Attributes2Impl.html
AttributeSet =  https://docs.oracle.com/javase/7/docs/api/javax/print/attribute/AttributeSet.html
AttributeSet =  https://docs.oracle.com/javase/7/docs/api/javax/swing/text/AttributeSet.html
AttributeSet.CharacterAttribute =  https://docs.oracle.com/javase/7/docs/api/javax/swing/text/AttributeSet.CharacterAttribute.html
AttributeSet.ColorAttribute =  https://docs.oracle.com/javase/7/docs/api/javax/swing/text/AttributeSet.ColorAttribute.html
AttributeSet.FontAttribute =  https://docs.oracle.com/javase/7/docs/api/javax/swing/text/AttributeSet.FontAttribute.html
AttributeSet.ParagraphAttribute =  https://docs.oracle.com/javase/7/docs/api/javax/swing/text/AttributeSet.ParagraphAttribute.html
AttributeSetUtilities =  https://docs.oracle.com/javase/7/docs/api/javax/print/attribute/AttributeSetUtilities.html
AttributesImpl =  https://docs.oracle.com/javase/7/docs/api/org/xml/sax/helpers/AttributesImpl.html
AttributeValueExp =  https://docs.oracle.com/javase/7/docs/api/javax/management/AttributeValueExp.html
AttributeView =  https://docs.oracle.com/javase/7/docs/api/java/nio/file/attribute/AttributeView.html
AudioClip =  https://docs.oracle.com/javase/7/docs/api/java/applet/AudioClip.html
AudioFileFormat =  https://docs.oracle.com/javase/7/docs/api/javax/sound/sampled/AudioFileFormat.html
AudioFileFormat.Type =  https://docs.oracle.com/javase/7/docs/api/javax/sound/sampled/AudioFileFormat.Type.html
AudioFileReader =  https://docs.oracle.com/javase/7/docs/api/javax/sound/sampled/spi/AudioFileReader.html
AudioFileWriter =  https://docs.oracle.com/javase/7/docs/api/javax/sound/sampled/spi/AudioFileWriter.html
AudioFormat =  https://docs.oracle.com/javase/7/docs/api/javax/sound/sampled/AudioFormat.html
AudioFormat.Encoding =  https://docs.oracle.com/javase/7/docs/api/javax/sound/sampled/AudioFormat.Encoding.html
AudioInputStream =  https://docs.oracle.com/javase/7/docs/api/javax/sound/sampled/AudioInputStream.html
AudioPermission =  https://docs.oracle.com/javase/7/docs/api/javax/sound/sampled/AudioPermission.html
AudioSystem =  https://docs.oracle.com/javase/7/docs/api/javax/sound/sampled/AudioSystem.html
AuthenticationException =  https://docs.oracle.com/javase/7/docs/api/javax/naming/AuthenticationException.html
AuthenticationException =  https://docs.oracle.com/javase/7/docs/api/javax/security/sasl/AuthenticationException.html
AuthenticationNotSupportedException =  https://docs.oracle.com/javase/7/docs/api/javax/naming/AuthenticationNotSupportedException.html
Authenticator =  https://docs.oracle.com/javase/7/docs/api/java/net/Authenticator.html
Authenticator.RequestorType =  https://docs.oracle.com/javase/7/docs/api/java/net/Authenticator.RequestorType.html
AuthorizeCallback =  https://docs.oracle.com/javase/7/docs/api/javax/security/sasl/AuthorizeCallback.html
AuthPermission =  https://docs.oracle.com/javase/7/docs/api/javax/security/auth/AuthPermission.html
AuthProvider =  https://docs.oracle.com/javase/7/docs/api/java/security/AuthProvider.html
AutoCloseable =  https://docs.oracle.com/javase/7/docs/api/java/lang/AutoCloseable.html
Autoscroll =  https://docs.oracle.com/javase/7/docs/api/java/awt/dnd/Autoscroll.html
AWTError =  https://docs.oracle.com/javase/7/docs/api/java/awt/AWTError.html
AWTEvent =  https://docs.oracle.com/javase/7/docs/api/java/awt/AWTEvent.html
AWTEventListener =  https://docs.oracle.com/javase/7/docs/api/java/awt/event/AWTEventListener.html
AWTEventListenerProxy =  https://docs.oracle.com/javase/7/docs/api/java/awt/event/AWTEventListenerProxy.html
AWTEventMulticaster =  https://docs.oracle.com/javase/7/docs/api/java/awt/AWTEventMulticaster.html
AWTException =  https://docs.oracle.com/javase/7/docs/api/java/awt/AWTException.html
AWTKeyStroke =  https://docs.oracle.com/javase/7/docs/api/java/awt/AWTKeyStroke.html
AWTPermission =  https://docs.oracle.com/javase/7/docs/api/java/awt/AWTPermission.html
BackingStoreException =  https://docs.oracle.com/javase/7/docs/api/java/util/prefs/BackingStoreException.html
BAD_CONTEXT =  https://docs.oracle.com/javase/7/docs/api/org/omg/CORBA/BAD_CONTEXT.html
BAD_INV_ORDER =  https://docs.oracle.com/javase/7/docs/api/org/omg/CORBA/BAD_INV_ORDER.html
BAD_OPERATION =  https://docs.oracle.com/javase/7/docs/api/org/omg/CORBA/BAD_OPERATION.html
BAD_PARAM =  https://docs.oracle.com/javase/7/docs/api/org/omg/CORBA/BAD_PARAM.html
BAD_POLICY =  https://docs.oracle.com/javase/7/docs/api/org/omg/CORBA/BAD_POLICY.html
BAD_POLICY_TYPE =  https://docs.oracle.com/javase/7/docs/api/org/omg/CORBA/BAD_POLICY_TYPE.html
BAD_POLICY_VALUE =  https://docs.oracle.com/javase/7/docs/api/org/omg/CORBA/BAD_POLICY_VALUE.html
BAD_QOS =  https://docs.oracle.com/javase/7/docs/api/org/omg/CORBA/BAD_QOS.html
BAD_TYPECODE =  https://docs.oracle.com/javase/7/docs/api/org/omg/CORBA/BAD_TYPECODE.html
BadAttributeValueExpException =  https://docs.oracle.com/javase/7/docs/api/javax/management/BadAttributeValueExpException.html
BadBinaryOpValueExpException =  https://docs.oracle.com/javase/7/docs/api/javax/management/BadBinaryOpValueExpException.html
BadKind =  https://docs.oracle.com/javase/7/docs/api/org/omg/CORBA/TypeCodePackage/BadKind.html
BadLocationException =  https://docs.oracle.com/javase/7/docs/api/javax/swing/text/BadLocationException.html
BadPaddingException =  https://docs.oracle.com/javase/7/docs/api/javax/crypto/BadPaddingException.html
BadStringOperationException =  https://docs.oracle.com/javase/7/docs/api/javax/management/BadStringOperationException.html
BandCombineOp =  https://docs.oracle.com/javase/7/docs/api/java/awt/image/BandCombineOp.html
BandedSampleModel =  https://docs.oracle.com/javase/7/docs/api/java/awt/image/BandedSampleModel.html
BaseRowSet =  https://docs.oracle.com/javase/7/docs/api/javax/sql/rowset/BaseRowSet.html
BasicArrowButton =  https://docs.oracle.com/javase/7/docs/api/javax/swing/plaf/basic/BasicArrowButton.html
BasicAttribute =  https://docs.oracle.com/javase/7/docs/api/javax/naming/directory/BasicAttribute.html
BasicAttributes =  https://docs.oracle.com/javase/7/docs/api/javax/naming/directory/BasicAttributes.html
BasicBorders =  https://docs.oracle.com/javase/7/docs/api/javax/swing/plaf/basic/BasicBorders.html
BasicBorders.ButtonBorder =  https://docs.oracle.com/javase/7/docs/api/javax/swing/plaf/basic/BasicBorders.ButtonBorder.html
BasicBorders.FieldBorder =  https://docs.oracle.com/javase/7/docs/api/javax/swing/plaf/basic/BasicBorders.FieldBorder.html
BasicBorders.MarginBorder =  https://docs.oracle.com/javase/7/docs/api/javax/swing/plaf/basic/BasicBorders.MarginBorder.html
BasicBorders.MenuBarBorder =  https://docs.oracle.com/javase/7/docs/api/javax/swing/plaf/basic/BasicBorders.MenuBarBorder.html
BasicBorders.RadioButtonBorder =  https://docs.oracle.com/javase/7/docs/api/javax/swing/plaf/basic/BasicBorders.RadioButtonBorder.html
BasicBorders.RolloverButtonBorder =  https://docs.oracle.com/javase/7/docs/api/javax/swing/plaf/basic/BasicBorders.RolloverButtonBorder.html
BasicBorders.SplitPaneBorder =  https://docs.oracle.com/javase/7/docs/api/javax/swing/plaf/basic/BasicBorders.SplitPaneBorder.html
BasicBorders.ToggleButtonBorder =  https://docs.oracle.com/javase/7/docs/api/javax/swing/plaf/basic/BasicBorders.ToggleButtonBorder.html
BasicButtonListener =  https://docs.oracle.com/javase/7/docs/api/javax/swing/plaf/basic/BasicButtonListener.html
BasicButtonUI =  https://docs.oracle.com/javase/7/docs/api/javax/swing/plaf/basic/BasicButtonUI.html
BasicCheckBoxMenuItemUI =  https://docs.oracle.com/javase/7/docs/api/javax/swing/plaf/basic/BasicCheckBoxMenuItemUI.html
BasicCheckBoxUI =  https://docs.oracle.com/javase/7/docs/api/javax/swing/plaf/basic/BasicCheckBoxUI.html
BasicColorChooserUI =  https://docs.oracle.com/javase/7/docs/api/javax/swing/plaf/basic/BasicColorChooserUI.html
BasicComboBoxEditor =  https://docs.oracle.com/javase/7/docs/api/javax/swing/plaf/basic/BasicComboBoxEditor.html
BasicComboBoxEditor.UIResource =  https://docs.oracle.com/javase/7/docs/api/javax/swing/plaf/basic/BasicComboBoxEditor.UIResource.html
BasicComboBoxRenderer =  https://docs.oracle.com/javase/7/docs/api/javax/swing/plaf/basic/BasicComboBoxRenderer.html
BasicComboBoxRenderer.UIResource =  https://docs.oracle.com/javase/7/docs/api/javax/swing/plaf/basic/BasicComboBoxRenderer.UIResource.html
BasicComboBoxUI =  https://docs.oracle.com/javase/7/docs/api/javax/swing/plaf/basic/BasicComboBoxUI.html
BasicComboPopup =  https://docs.oracle.com/javase/7/docs/api/javax/swing/plaf/basic/BasicComboPopup.html
BasicControl =  https://docs.oracle.com/javase/7/docs/api/javax/naming/ldap/BasicControl.html
BasicDesktopIconUI =  https://docs.oracle.com/javase/7/docs/api/javax/swing/plaf/basic/BasicDesktopIconUI.html
BasicDesktopPaneUI =  https://docs.oracle.com/javase/7/docs/api/javax/swing/plaf/basic/BasicDesktopPaneUI.html
BasicDirectoryModel =  https://docs.oracle.com/javase/7/docs/api/javax/swing/plaf/basic/BasicDirectoryModel.html
BasicEditorPaneUI =  https://docs.oracle.com/javase/7/docs/api/javax/swing/plaf/basic/BasicEditorPaneUI.html
BasicFileAttributes =  https://docs.oracle.com/javase/7/docs/api/java/nio/file/attribute/BasicFileAttributes.html
BasicFileAttributeView =  https://docs.oracle.com/javase/7/docs/api/java/nio/file/attribute/BasicFileAttributeView.html
BasicFileChooserUI =  https://docs.oracle.com/javase/7/docs/api/javax/swing/plaf/basic/BasicFileChooserUI.html
BasicFormattedTextFieldUI =  https://docs.oracle.com/javase/7/docs/api/javax/swing/plaf/basic/BasicFormattedTextFieldUI.html
BasicGraphicsUtils =  https://docs.oracle.com/javase/7/docs/api/javax/swing/plaf/basic/BasicGraphicsUtils.html
BasicHTML =  https://docs.oracle.com/javase/7/docs/api/javax/swing/plaf/basic/BasicHTML.html
BasicIconFactory =  https://docs.oracle.com/javase/7/docs/api/javax/swing/plaf/basic/BasicIconFactory.html
BasicInternalFrameTitlePane =  https://docs.oracle.com/javase/7/docs/api/javax/swing/plaf/basic/BasicInternalFrameTitlePane.html
BasicInternalFrameUI =  https://docs.oracle.com/javase/7/docs/api/javax/swing/plaf/basic/BasicInternalFrameUI.html
BasicLabelUI =  https://docs.oracle.com/javase/7/docs/api/javax/swing/plaf/basic/BasicLabelUI.html
BasicListUI =  https://docs.oracle.com/javase/7/docs/api/javax/swing/plaf/basic/BasicListUI.html
BasicLookAndFeel =  https://docs.oracle.com/javase/7/docs/api/javax/swing/plaf/basic/BasicLookAndFeel.html
BasicMenuBarUI =  https://docs.oracle.com/javase/7/docs/api/javax/swing/plaf/basic/BasicMenuBarUI.html
BasicMenuItemUI =  https://docs.oracle.com/javase/7/docs/api/javax/swing/plaf/basic/BasicMenuItemUI.html
BasicMenuUI =  https://docs.oracle.com/javase/7/docs/api/javax/swing/plaf/basic/BasicMenuUI.html
BasicOptionPaneUI =  https://docs.oracle.com/javase/7/docs/api/javax/swing/plaf/basic/BasicOptionPaneUI.html
BasicOptionPaneUI.ButtonAreaLayout =  https://docs.oracle.com/javase/7/docs/api/javax/swing/plaf/basic/BasicOptionPaneUI.ButtonAreaLayout.html
BasicPanelUI =  https://docs.oracle.com/javase/7/docs/api/javax/swing/plaf/basic/BasicPanelUI.html
BasicPasswordFieldUI =  https://docs.oracle.com/javase/7/docs/api/javax/swing/plaf/basic/BasicPasswordFieldUI.html
BasicPermission =  https://docs.oracle.com/javase/7/docs/api/java/security/BasicPermission.html
BasicPopupMenuSeparatorUI =  https://docs.oracle.com/javase/7/docs/api/javax/swing/plaf/basic/BasicPopupMenuSeparatorUI.html
BasicPopupMenuUI =  https://docs.oracle.com/javase/7/docs/api/javax/swing/plaf/basic/BasicPopupMenuUI.html
BasicProgressBarUI =  https://docs.oracle.com/javase/7/docs/api/javax/swing/plaf/basic/BasicProgressBarUI.html
BasicRadioButtonMenuItemUI =  https://docs.oracle.com/javase/7/docs/api/javax/swing/plaf/basic/BasicRadioButtonMenuItemUI.html
BasicRadioButtonUI =  https://docs.oracle.com/javase/7/docs/api/javax/swing/plaf/basic/BasicRadioButtonUI.html
BasicRootPaneUI =  https://docs.oracle.com/javase/7/docs/api/javax/swing/plaf/basic/BasicRootPaneUI.html
BasicScrollBarUI =  https://docs.oracle.com/javase/7/docs/api/javax/swing/plaf/basic/BasicScrollBarUI.html
BasicScrollPaneUI =  https://docs.oracle.com/javase/7/docs/api/javax/swing/plaf/basic/BasicScrollPaneUI.html
BasicSeparatorUI =  https://docs.oracle.com/javase/7/docs/api/javax/swing/plaf/basic/BasicSeparatorUI.html
BasicSliderUI =  https://docs.oracle.com/javase/7/docs/api/javax/swing/plaf/basic/BasicSliderUI.html
BasicSpinnerUI =  https://docs.oracle.com/javase/7/docs/api/javax/swing/plaf/basic/BasicSpinnerUI.html
BasicSplitPaneDivider =  https://docs.oracle.com/javase/7/docs/api/javax/swing/plaf/basic/BasicSplitPaneDivider.html
BasicSplitPaneUI =  https://docs.oracle.com/javase/7/docs/api/javax/swing/plaf/basic/BasicSplitPaneUI.html
BasicStroke =  https://docs.oracle.com/javase/7/docs/api/java/awt/BasicStroke.html
BasicTabbedPaneUI =  https://docs.oracle.com/javase/7/docs/api/javax/swing/plaf/basic/BasicTabbedPaneUI.html
BasicTableHeaderUI =  https://docs.oracle.com/javase/7/docs/api/javax/swing/plaf/basic/BasicTableHeaderUI.html
BasicTableUI =  https://docs.oracle.com/javase/7/docs/api/javax/swing/plaf/basic/BasicTableUI.html
BasicTextAreaUI =  https://docs.oracle.com/javase/7/docs/api/javax/swing/plaf/basic/BasicTextAreaUI.html
BasicTextFieldUI =  https://docs.oracle.com/javase/7/docs/api/javax/swing/plaf/basic/BasicTextFieldUI.html
BasicTextPaneUI =  https://docs.oracle.com/javase/7/docs/api/javax/swing/plaf/basic/BasicTextPaneUI.html
BasicTextUI =  https://docs.oracle.com/javase/7/docs/api/javax/swing/plaf/basic/BasicTextUI.html
BasicTextUI.BasicCaret =  https://docs.oracle.com/javase/7/docs/api/javax/swing/plaf/basic/BasicTextUI.BasicCaret.html
BasicTextUI.BasicHighlighter =  https://docs.oracle.com/javase/7/docs/api/javax/swing/plaf/basic/BasicTextUI.BasicHighlighter.html
BasicToggleButtonUI =  https://docs.oracle.com/javase/7/docs/api/javax/swing/plaf/basic/BasicToggleButtonUI.html
BasicToolBarSeparatorUI =  https://docs.oracle.com/javase/7/docs/api/javax/swing/plaf/basic/BasicToolBarSeparatorUI.html
BasicToolBarUI =  https://docs.oracle.com/javase/7/docs/api/javax/swing/plaf/basic/BasicToolBarUI.html
BasicToolTipUI =  https://docs.oracle.com/javase/7/docs/api/javax/swing/plaf/basic/BasicToolTipUI.html
BasicTreeUI =  https://docs.oracle.com/javase/7/docs/api/javax/swing/plaf/basic/BasicTreeUI.html
BasicViewportUI =  https://docs.oracle.com/javase/7/docs/api/javax/swing/plaf/basic/BasicViewportUI.html
BatchUpdateException =  https://docs.oracle.com/javase/7/docs/api/java/sql/BatchUpdateException.html
BeanContext =  https://docs.oracle.com/javase/7/docs/api/java/beans/beancontext/BeanContext.html
BeanContextChild =  https://docs.oracle.com/javase/7/docs/api/java/beans/beancontext/BeanContextChild.html
BeanContextChildComponentProxy =  https://docs.oracle.com/javase/7/docs/api/java/beans/beancontext/BeanContextChildComponentProxy.html
BeanContextChildSupport =  https://docs.oracle.com/javase/7/docs/api/java/beans/beancontext/BeanContextChildSupport.html
BeanContextContainerProxy =  https://docs.oracle.com/javase/7/docs/api/java/beans/beancontext/BeanContextContainerProxy.html
BeanContextEvent =  https://docs.oracle.com/javase/7/docs/api/java/beans/beancontext/BeanContextEvent.html
BeanContextMembershipEvent =  https://docs.oracle.com/javase/7/docs/api/java/beans/beancontext/BeanContextMembershipEvent.html
BeanContextMembershipListener =  https://docs.oracle.com/javase/7/docs/api/java/beans/beancontext/BeanContextMembershipListener.html
BeanContextProxy =  https://docs.oracle.com/javase/7/docs/api/java/beans/beancontext/BeanContextProxy.html
BeanContextServiceAvailableEvent =  https://docs.oracle.com/javase/7/docs/api/java/beans/beancontext/BeanContextServiceAvailableEvent.html
BeanContextServiceProvider =  https://docs.oracle.com/javase/7/docs/api/java/beans/beancontext/BeanContextServiceProvider.html
BeanContextServiceProviderBeanInfo =  https://docs.oracle.com/javase/7/docs/api/java/beans/beancontext/BeanContextServiceProviderBeanInfo.html
BeanContextServiceRevokedEvent =  https://docs.oracle.com/javase/7/docs/api/java/beans/beancontext/BeanContextServiceRevokedEvent.html
BeanContextServiceRevokedListener =  https://docs.oracle.com/javase/7/docs/api/java/beans/beancontext/BeanContextServiceRevokedListener.html
BeanContextServices =  https://docs.oracle.com/javase/7/docs/api/java/beans/beancontext/BeanContextServices.html
BeanContextServicesListener =  https://docs.oracle.com/javase/7/docs/api/java/beans/beancontext/BeanContextServicesListener.html
BeanContextServicesSupport =  https://docs.oracle.com/javase/7/docs/api/java/beans/beancontext/BeanContextServicesSupport.html
BeanContextServicesSupport.BCSSServiceProvider =  https://docs.oracle.com/javase/7/docs/api/java/beans/beancontext/BeanContextServicesSupport.BCSSServiceProvider.html
BeanContextSupport =  https://docs.oracle.com/javase/7/docs/api/java/beans/beancontext/BeanContextSupport.html
BeanContextSupport.BCSIterator =  https://docs.oracle.com/javase/7/docs/api/java/beans/beancontext/BeanContextSupport.BCSIterator.html
BeanDescriptor =  https://docs.oracle.com/javase/7/docs/api/java/beans/BeanDescriptor.html
BeanInfo =  https://docs.oracle.com/javase/7/docs/api/java/beans/BeanInfo.html
Beans =  https://docs.oracle.com/javase/7/docs/api/java/beans/Beans.html
BevelBorder =  https://docs.oracle.com/javase/7/docs/api/javax/swing/border/BevelBorder.html
Bidi =  https://docs.oracle.com/javase/7/docs/api/java/text/Bidi.html
BigDecimal =  https://docs.oracle.com/javase/7/docs/api/java/math/BigDecimal.html
BigInteger =  https://docs.oracle.com/javase/7/docs/api/java/math/BigInteger.html
BinaryRefAddr =  https://docs.oracle.com/javase/7/docs/api/javax/naming/BinaryRefAddr.html
Binder =  https://docs.oracle.com/javase/7/docs/api/javax/xml/bind/Binder.html
BindException =  https://docs.oracle.com/javase/7/docs/api/java/net/BindException.html
Binding =  https://docs.oracle.com/javase/7/docs/api/javax/naming/Binding.html
Binding =  https://docs.oracle.com/javase/7/docs/api/javax/xml/ws/Binding.html
Binding =  https://docs.oracle.com/javase/7/docs/api/org/omg/CosNaming/Binding.html
BindingHelper =  https://docs.oracle.com/javase/7/docs/api/org/omg/CosNaming/BindingHelper.html
BindingHolder =  https://docs.oracle.com/javase/7/docs/api/org/omg/CosNaming/BindingHolder.html
BindingIterator =  https://docs.oracle.com/javase/7/docs/api/org/omg/CosNaming/BindingIterator.html
BindingIteratorHelper =  https://docs.oracle.com/javase/7/docs/api/org/omg/CosNaming/BindingIteratorHelper.html
BindingIteratorHolder =  https://docs.oracle.com/javase/7/docs/api/org/omg/CosNaming/BindingIteratorHolder.html
BindingIteratorOperations =  https://docs.oracle.com/javase/7/docs/api/org/omg/CosNaming/BindingIteratorOperations.html
BindingIteratorPOA =  https://docs.oracle.com/javase/7/docs/api/org/omg/CosNaming/BindingIteratorPOA.html
BindingListHelper =  https://docs.oracle.com/javase/7/docs/api/org/omg/CosNaming/BindingListHelper.html
BindingListHolder =  https://docs.oracle.com/javase/7/docs/api/org/omg/CosNaming/BindingListHolder.html
BindingProvider =  https://docs.oracle.com/javase/7/docs/api/javax/xml/ws/BindingProvider.html
Bindings =  https://docs.oracle.com/javase/7/docs/api/javax/script/Bindings.html
BindingType =  https://docs.oracle.com/javase/7/docs/api/javax/xml/ws/BindingType.html
BindingType =  https://docs.oracle.com/javase/7/docs/api/org/omg/CosNaming/BindingType.html
BindingTypeHelper =  https://docs.oracle.com/javase/7/docs/api/org/omg/CosNaming/BindingTypeHelper.html
BindingTypeHolder =  https://docs.oracle.com/javase/7/docs/api/org/omg/CosNaming/BindingTypeHolder.html
BitSet =  https://docs.oracle.com/javase/7/docs/api/java/util/BitSet.html
Blob =  https://docs.oracle.com/javase/7/docs/api/java/sql/Blob.html
BlockingDeque =  https://docs.oracle.com/javase/7/docs/api/java/util/concurrent/BlockingDeque.html
BlockingQueue =  https://docs.oracle.com/javase/7/docs/api/java/util/concurrent/BlockingQueue.html
BlockView =  https://docs.oracle.com/javase/7/docs/api/javax/swing/text/html/BlockView.html
BMPImageWriteParam =  https://docs.oracle.com/javase/7/docs/api/javax/imageio/plugins/bmp/BMPImageWriteParam.html
Book =  https://docs.oracle.com/javase/7/docs/api/java/awt/print/Book.html
Boolean =  https://docs.oracle.com/javase/7/docs/api/java/lang/Boolean.html
BooleanControl =  https://docs.oracle.com/javase/7/docs/api/javax/sound/sampled/BooleanControl.html
BooleanControl.Type =  https://docs.oracle.com/javase/7/docs/api/javax/sound/sampled/BooleanControl.Type.html
BooleanHolder =  https://docs.oracle.com/javase/7/docs/api/org/omg/CORBA/BooleanHolder.html
BooleanSeqHelper =  https://docs.oracle.com/javase/7/docs/api/org/omg/CORBA/BooleanSeqHelper.html
BooleanSeqHolder =  https://docs.oracle.com/javase/7/docs/api/org/omg/CORBA/BooleanSeqHolder.html
BootstrapMethodError =  https://docs.oracle.com/javase/7/docs/api/java/lang/BootstrapMethodError.html
Border =  https://docs.oracle.com/javase/7/docs/api/javax/swing/border/Border.html
BorderFactory =  https://docs.oracle.com/javase/7/docs/api/javax/swing/BorderFactory.html
BorderLayout =  https://docs.oracle.com/javase/7/docs/api/java/awt/BorderLayout.html
BorderUIResource =  https://docs.oracle.com/javase/7/docs/api/javax/swing/plaf/BorderUIResource.html
BorderUIResource.BevelBorderUIResource =  https://docs.oracle.com/javase/7/docs/api/javax/swing/plaf/BorderUIResource.BevelBorderUIResource.html
BorderUIResource.CompoundBorderUIResource =  https://docs.oracle.com/javase/7/docs/api/javax/swing/plaf/BorderUIResource.CompoundBorderUIResource.html
BorderUIResource.EmptyBorderUIResource =  https://docs.oracle.com/javase/7/docs/api/javax/swing/plaf/BorderUIResource.EmptyBorderUIResource.html
BorderUIResource.EtchedBorderUIResource =  https://docs.oracle.com/javase/7/docs/api/javax/swing/plaf/BorderUIResource.EtchedBorderUIResource.html
BorderUIResource.LineBorderUIResource =  https://docs.oracle.com/javase/7/docs/api/javax/swing/plaf/BorderUIResource.LineBorderUIResource.html
BorderUIResource.MatteBorderUIResource =  https://docs.oracle.com/javase/7/docs/api/javax/swing/plaf/BorderUIResource.MatteBorderUIResource.html
BorderUIResource.TitledBorderUIResource =  https://docs.oracle.com/javase/7/docs/api/javax/swing/plaf/BorderUIResource.TitledBorderUIResource.html
BoundedRangeModel =  https://docs.oracle.com/javase/7/docs/api/javax/swing/BoundedRangeModel.html
Bounds =  https://docs.oracle.com/javase/7/docs/api/org/omg/CORBA/Bounds.html
Bounds =  https://docs.oracle.com/javase/7/docs/api/org/omg/CORBA/TypeCodePackage/Bounds.html
Box =  https://docs.oracle.com/javase/7/docs/api/javax/swing/Box.html
Box.Filler =  https://docs.oracle.com/javase/7/docs/api/javax/swing/Box.Filler.html
BoxedValueHelper =  https://docs.oracle.com/javase/7/docs/api/org/omg/CORBA/portable/BoxedValueHelper.html
BoxLayout =  https://docs.oracle.com/javase/7/docs/api/javax/swing/BoxLayout.html
BoxView =  https://docs.oracle.com/javase/7/docs/api/javax/swing/text/BoxView.html
BreakIterator =  https://docs.oracle.com/javase/7/docs/api/java/text/BreakIterator.html
BreakIteratorProvider =  https://docs.oracle.com/javase/7/docs/api/java/text/spi/BreakIteratorProvider.html
BrokenBarrierException =  https://docs.oracle.com/javase/7/docs/api/java/util/concurrent/BrokenBarrierException.html
Buffer =  https://docs.oracle.com/javase/7/docs/api/java/nio/Buffer.html
BufferCapabilities =  https://docs.oracle.com/javase/7/docs/api/java/awt/BufferCapabilities.html
BufferCapabilities.FlipContents =  https://docs.oracle.com/javase/7/docs/api/java/awt/BufferCapabilities.FlipContents.html
BufferedImage =  https://docs.oracle.com/javase/7/docs/api/java/awt/image/BufferedImage.html
BufferedImageFilter =  https://docs.oracle.com/javase/7/docs/api/java/awt/image/BufferedImageFilter.html
BufferedImageOp =  https://docs.oracle.com/javase/7/docs/api/java/awt/image/BufferedImageOp.html
BufferedInputStream =  https://docs.oracle.com/javase/7/docs/api/java/io/BufferedInputStream.html
BufferedOutputStream =  https://docs.oracle.com/javase/7/docs/api/java/io/BufferedOutputStream.html
BufferedReader =  https://docs.oracle.com/javase/7/docs/api/java/io/BufferedReader.html
BufferedWriter =  https://docs.oracle.com/javase/7/docs/api/java/io/BufferedWriter.html
BufferOverflowException =  https://docs.oracle.com/javase/7/docs/api/java/nio/BufferOverflowException.html
BufferPoolMXBean =  https://docs.oracle.com/javase/7/docs/api/java/lang/management/BufferPoolMXBean.html
BufferStrategy =  https://docs.oracle.com/javase/7/docs/api/java/awt/image/BufferStrategy.html
BufferUnderflowException =  https://docs.oracle.com/javase/7/docs/api/java/nio/BufferUnderflowException.html
Button =  https://docs.oracle.com/javase/7/docs/api/java/awt/Button.html
ButtonGroup =  https://docs.oracle.com/javase/7/docs/api/javax/swing/ButtonGroup.html
ButtonModel =  https://docs.oracle.com/javase/7/docs/api/javax/swing/ButtonModel.html
ButtonUI =  https://docs.oracle.com/javase/7/docs/api/javax/swing/plaf/ButtonUI.html
Byte =  https://docs.oracle.com/javase/7/docs/api/java/lang/Byte.html
ByteArrayInputStream =  https://docs.oracle.com/javase/7/docs/api/java/io/ByteArrayInputStream.html
ByteArrayOutputStream =  https://docs.oracle.com/javase/7/docs/api/java/io/ByteArrayOutputStream.html
ByteBuffer =  https://docs.oracle.com/javase/7/docs/api/java/nio/ByteBuffer.html
ByteChannel =  https://docs.oracle.com/javase/7/docs/api/java/nio/channels/ByteChannel.html
ByteHolder =  https://docs.oracle.com/javase/7/docs/api/org/omg/CORBA/ByteHolder.html
ByteLookupTable =  https://docs.oracle.com/javase/7/docs/api/java/awt/image/ByteLookupTable.html
ByteOrder =  https://docs.oracle.com/javase/7/docs/api/java/nio/ByteOrder.html
C14NMethodParameterSpec =  https://docs.oracle.com/javase/7/docs/api/javax/xml/crypto/dsig/spec/C14NMethodParameterSpec.html
CachedRowSet =  https://docs.oracle.com/javase/7/docs/api/javax/sql/rowset/CachedRowSet.html
CacheRequest =  https://docs.oracle.com/javase/7/docs/api/java/net/CacheRequest.html
CacheResponse =  https://docs.oracle.com/javase/7/docs/api/java/net/CacheResponse.html
Calendar =  https://docs.oracle.com/javase/7/docs/api/java/util/Calendar.html
Callable =  https://docs.oracle.com/javase/7/docs/api/java/util/concurrent/Callable.html
CallableStatement =  https://docs.oracle.com/javase/7/docs/api/java/sql/CallableStatement.html
Callback =  https://docs.oracle.com/javase/7/docs/api/javax/security/auth/callback/Callback.html
CallbackHandler =  https://docs.oracle.com/javase/7/docs/api/javax/security/auth/callback/CallbackHandler.html
CallSite =  https://docs.oracle.com/javase/7/docs/api/java/lang/invoke/CallSite.html
CancelablePrintJob =  https://docs.oracle.com/javase/7/docs/api/javax/print/CancelablePrintJob.html
CancellationException =  https://docs.oracle.com/javase/7/docs/api/java/util/concurrent/CancellationException.html
CancelledKeyException =  https://docs.oracle.com/javase/7/docs/api/java/nio/channels/CancelledKeyException.html
CannotProceed =  https://docs.oracle.com/javase/7/docs/api/org/omg/CosNaming/NamingContextPackage/CannotProceed.html
CannotProceedException =  https://docs.oracle.com/javase/7/docs/api/javax/naming/CannotProceedException.html
CannotProceedHelper =  https://docs.oracle.com/javase/7/docs/api/org/omg/CosNaming/NamingContextPackage/CannotProceedHelper.html
CannotProceedHolder =  https://docs.oracle.com/javase/7/docs/api/org/omg/CosNaming/NamingContextPackage/CannotProceedHolder.html
CannotRedoException =  https://docs.oracle.com/javase/7/docs/api/javax/swing/undo/CannotRedoException.html
CannotUndoException =  https://docs.oracle.com/javase/7/docs/api/javax/swing/undo/CannotUndoException.html
CanonicalizationMethod =  https://docs.oracle.com/javase/7/docs/api/javax/xml/crypto/dsig/CanonicalizationMethod.html
Canvas =  https://docs.oracle.com/javase/7/docs/api/java/awt/Canvas.html
CardLayout =  https://docs.oracle.com/javase/7/docs/api/java/awt/CardLayout.html
Caret =  https://docs.oracle.com/javase/7/docs/api/javax/swing/text/Caret.html
CaretEvent =  https://docs.oracle.com/javase/7/docs/api/javax/swing/event/CaretEvent.html
CaretListener =  https://docs.oracle.com/javase/7/docs/api/javax/swing/event/CaretListener.html
CDATASection =  https://docs.oracle.com/javase/7/docs/api/org/w3c/dom/CDATASection.html
CellEditor =  https://docs.oracle.com/javase/7/docs/api/javax/swing/CellEditor.html
CellEditorListener =  https://docs.oracle.com/javase/7/docs/api/javax/swing/event/CellEditorListener.html
CellRendererPane =  https://docs.oracle.com/javase/7/docs/api/javax/swing/CellRendererPane.html
Certificate =  https://docs.oracle.com/javase/7/docs/api/java/security/cert/Certificate.html
Certificate =  https://docs.oracle.com/javase/7/docs/api/java/security/Certificate.html
Certificate =  https://docs.oracle.com/javase/7/docs/api/javax/security/cert/Certificate.html
Certificate.CertificateRep =  https://docs.oracle.com/javase/7/docs/api/java/security/cert/Certificate.CertificateRep.html
CertificateEncodingException =  https://docs.oracle.com/javase/7/docs/api/java/security/cert/CertificateEncodingException.html
CertificateEncodingException =  https://docs.oracle.com/javase/7/docs/api/javax/security/cert/CertificateEncodingException.html
CertificateException =  https://docs.oracle.com/javase/7/docs/api/java/security/cert/CertificateException.html
CertificateException =  https://docs.oracle.com/javase/7/docs/api/javax/security/cert/CertificateException.html
CertificateExpiredException =  https://docs.oracle.com/javase/7/docs/api/java/security/cert/CertificateExpiredException.html
CertificateExpiredException =  https://docs.oracle.com/javase/7/docs/api/javax/security/cert/CertificateExpiredException.html
CertificateFactory =  https://docs.oracle.com/javase/7/docs/api/java/security/cert/CertificateFactory.html
CertificateFactorySpi =  https://docs.oracle.com/javase/7/docs/api/java/security/cert/CertificateFactorySpi.html
CertificateNotYetValidException =  https://docs.oracle.com/javase/7/docs/api/java/security/cert/CertificateNotYetValidException.html
CertificateNotYetValidException =  https://docs.oracle.com/javase/7/docs/api/javax/security/cert/CertificateNotYetValidException.html
CertificateParsingException =  https://docs.oracle.com/javase/7/docs/api/java/security/cert/CertificateParsingException.html
CertificateParsingException =  https://docs.oracle.com/javase/7/docs/api/javax/security/cert/CertificateParsingException.html
CertificateRevokedException =  https://docs.oracle.com/javase/7/docs/api/java/security/cert/CertificateRevokedException.html
[...]
java.util
Contains the collections framework, legacy collection classes, event model, date and time facilities, internationalization, and miscellaneous utility classes (a string tokenizer, a random-number generator, and a bit array). =  null
java.util.concurrent
Utility classes commonly useful in concurrent programming. =  null
java.util.concurrent.atomic
A small toolkit of classes that support lock-free thread-safe programming on single variables. =  null
java.util.concurrent.locks
Interfaces and classes providing a framework for locking and waiting for conditions that is distinct from built-in synchronization and monitors. =  null
java.util.jar
Provides classes for reading and writing the JAR (Java ARchive) file format, which is based on the standard ZIP file format with an optional manifest file. =  null
java.util.logging
Provides the classes and interfaces of the JavaTM 2 platform's core logging facilities. =  null
java.util.prefs
This package allows applications to store and retrieve user and system preference and configuration data. =  null
java.util.regex
Classes for matching character sequences against patterns specified by regular expressions. =  null
java.util.spi
Service provider classes for the classes in the java.util package. =  null
java.util.zip
Provides classes for reading and writing the standard ZIP and GZIP file formats. =  null
javax.accessibility
Defines a contract between user-interface components and an assistive technology that provides access to those components. =  null
javax.activation   =  null
javax.activity
Contains Activity service related exceptions thrown by the ORB machinery during unmarshalling. =  null
javax.annotation   =  null
javax.annotation.processing
Facilities for declaring annotation processors and for allowing annotation processors to communicate with an annotation processing tool environment. =  null
javax.crypto
Provides the classes and interfaces for cryptographic operations. =  null
javax.crypto.interfaces
Provides interfaces for Diffie-Hellman keys as defined in RSA Laboratories' PKCS #3. =  null
javax.crypto.spec
Provides classes and interfaces for key specifications and algorithm parameter specifications. =  null
javax.imageio
The main package of the Java Image I/O API. =  null
javax.imageio.event
A package of the Java Image I/O API dealing with synchronous notification of events during the reading and writing of images. =  null
javax.imageio.metadata
A package of the Java Image I/O API dealing with reading and writing metadata. =  null
javax.imageio.plugins.bmp
Package containing the public classes used by the built-in BMP plug-in. =  null
javax.imageio.plugins.jpeg
Classes supporting the built-in JPEG plug-in. =  null
javax.imageio.spi
A package of the Java Image I/O API containing the plug-in interfaces for readers, writers, transcoders, and streams, and a runtime registry. =  null
javax.imageio.stream
A package of the Java Image I/O API dealing with low-level I/O from files and streams. =  null
javax.jws   =  null
javax.jws.soap   =  null
javax.lang.model
Classes and hierarchies of packages used to model the Java programming language. =  null
javax.lang.model.element
Interfaces used to model elements of the Java programming language. =  null
javax.lang.model.type
Interfaces used to model Java programming language types. =  null
javax.lang.model.util
Utilities to assist in the processing of program elements and types. =  null
javax.management
Provides the core classes for the Java Management Extensions. =  null
javax.management.loading
Provides the classes which implement advanced dynamic loading. =  null
javax.management.modelmbean
Provides the definition of the ModelMBean classes. =  null
javax.management.monitor
Provides the definition of the monitor classes. =  null
javax.management.openmbean
Provides the open data types and Open MBean descriptor classes. =  null
javax.management.relation
Provides the definition of the Relation Service. =  null
javax.management.remote
Interfaces for remote access to JMX MBean servers. =  null
javax.management.remote.rmi
The RMI connector is a connector for the JMX Remote API that uses RMI to transmit client requests to a remote MBean server. =  null
javax.management.timer
Provides the definition of the Timer MBean. =  null
javax.naming
Provides the classes and interfaces for accessing naming services. =  null
javax.naming.directory
Extends the javax.naming package to provide functionality for accessing directory services. =  null
javax.naming.event
Provides support for event notification when accessing naming and directory services. =  null
javax.naming.ldap
Provides support for LDAPv3 extended operations and controls. =  null
javax.naming.spi   =  null
javax.net
Provides classes for networking applications. =  null
javax.net.ssl
Provides classes for the secure socket package. =  null
javax.print
Provides the principal classes and interfaces for the JavaTM Print Service API. =  null
javax.print.attribute
Provides classes and interfaces that describe the types of JavaTM Print Service attributes and how they can be collected into attribute sets. =  null
javax.print.attribute.standard
Package javax.print.attribute.standard contains classes for specific printing attributes. =  null
javax.print.event
Package javax.print.event contains event classes and listener interfaces. =  null
javax.rmi
Contains user APIs for RMI-IIOP. =  null
javax.rmi.CORBA
Contains portability APIs for RMI-IIOP. =  null
javax.rmi.ssl
Provides implementations of RMIClientSocketFactory and RMIServerSocketFactory over the Secure Sockets Layer (SSL) or Transport Layer Security (TLS) protocols. =  null
javax.script
The scripting API consists of interfaces and classes that define Java TM Scripting Engines and provides a framework for their use in Java applications. =  null
javax.security.auth
This package provides a framework for authentication and authorization. =  null
javax.security.auth.callback
This package provides the classes necessary for services to interact with applications in order to retrieve information (authentication data including usernames or passwords, for example) or to display information (error and warning messages, for example). =  null
javax.security.auth.kerberos
This package contains utility classes related to the Kerberos network authentication protocol. =  null
javax.security.auth.login
This package provides a pluggable authentication framework. =  null
javax.security.auth.spi
This package provides the interface to be used for implementing pluggable authentication modules. =  null
javax.security.auth.x500
This package contains the classes that should be used to store X500 Principal and X500 Private Crendentials in a Subject. =  null
javax.security.cert
Provides classes for public key certificates. =  null
javax.security.sasl
Contains class and interfaces for supporting SASL. =  null
javax.sound.midi
Provides interfaces and classes for I/O, sequencing, and synthesis of MIDI (Musical Instrument Digital Interface) data. =  null
javax.sound.midi.spi
Supplies interfaces for service providers to implement when offering new MIDI devices, MIDI file readers and writers, or sound bank readers. =  null
javax.sound.sampled
Provides interfaces and classes for capture, processing, and playback of sampled audio data. =  null
javax.sound.sampled.spi
Supplies abstract classes for service providers to subclass when offering new audio devices, sound file readers and writers, or audio format converters. =  null
javax.sql
Provides the API for server side data source access and processing from the JavaTM programming language. =  null
javax.sql.rowset
Standard interfaces and base classes for JDBC RowSet implementations. =  null
javax.sql.rowset.serial
Provides utility classes to allow serializable mappings between SQL types and data types in the Java programming language. =  null
javax.sql.rowset.spi
The standard classes and interfaces that a third party vendor has to use in its implementation of a synchronization provider. =  null
javax.swing
Provides a set of "lightweight" (all-Java language) components that, to the maximum degree possible, work the same on all platforms. =  null
javax.swing.border
Provides classes and interface for drawing specialized borders around a Swing component. =  null
javax.swing.colorchooser
Contains classes and interfaces used by the JColorChooser component. =  null
javax.swing.event
Provides for events fired by Swing components. =  null
javax.swing.filechooser
Contains classes and interfaces used by the JFileChooser component. =  null
javax.swing.plaf
Provides one interface and many abstract classes that Swing uses to provide its pluggable look-and-feel capabilities. =  null
javax.swing.plaf.basic
Provides user interface objects built according to the Basic look and feel. =  null
javax.swing.plaf.metal
Provides user interface objects built according to the Java look and feel (once codenamed Metal), which is the default look and feel. =  null
javax.swing.plaf.multi
Provides user interface objects that combine two or more look and feels. =  null
javax.swing.plaf.nimbus
Provides user interface objects built according to the cross-platform Nimbus look and feel. =  null
javax.swing.plaf.synth
Synth is a skinnable look and feel in which all painting is delegated. =  null
javax.swing.table
Provides classes and interfaces for dealing with javax.swing.JTable. =  null
javax.swing.text
Provides classes and interfaces that deal with editable and noneditable text components. =  null
javax.swing.text.html
Provides the class HTMLEditorKit and supporting classes for creating HTML text editors. =  null
javax.swing.text.html.parser
Provides the default HTML parser, along with support classes. =  null
javax.swing.text.rtf
Provides a class (RTFEditorKit) for creating Rich-Text-Format text editors. =  null
javax.swing.tree
Provides classes and interfaces for dealing with javax.swing.JTree. =  null
javax.swing.undo
Allows developers to provide support for undo/redo in applications such as text editors. =  null
javax.tools
Provides interfaces for tools which can be invoked from a program, for example, compilers. =  null
javax.transaction
Contains three exceptions thrown by the ORB machinery during unmarshalling. =  null
javax.transaction.xa
Provides the API that defines the contract between the transaction manager and the resource manager, which allows the transaction manager to enlist and delist resource objects (supplied by the resource manager driver) in JTA transactions. =  null
javax.xml   =  null
javax.xml.bind
Provides a runtime binding framework for client applications including unmarshalling, marshalling, and validation capabilities. =  null
javax.xml.bind.annotation
Defines annotations for customizing Java program elements to XML Schema mapping. =  null
javax.xml.bind.annotation.adapters
XmlAdapter and its spec-defined sub-classes to allow arbitrary Java classes to be used with JAXB. =  null
javax.xml.bind.attachment
This package is implemented by a MIME-based package processor that enables the interpretation and creation of optimized binary data within an MIME-based package format. =  null
javax.xml.bind.helpers
JAXB Provider Use Only: Provides partial default implementations for some of the javax.xml.bind interfaces. =  null
javax.xml.bind.util
Useful client utility classes. =  null
javax.xml.crypto
Common classes for XML cryptography. =  null
javax.xml.crypto.dom
DOM-specific classes for the javax.xml.crypto package. =  null
javax.xml.crypto.dsig
Classes for generating and validating XML digital signatures. =  null
javax.xml.crypto.dsig.dom
DOM-specific classes for the javax.xml.crypto.dsig package. =  null
javax.xml.crypto.dsig.keyinfo
Classes for parsing and processing KeyInfo elements and structures. =  null
javax.xml.crypto.dsig.spec
Parameter classes for XML digital signatures. =  null
javax.xml.datatype
XML/Java Type Mappings. =  null
javax.xml.namespace
XML Namespace processing. =  null
javax.xml.parsers
Provides classes allowing the processing of XML documents. =  null
javax.xml.soap
Provides the API for creating and building SOAP messages. =  null
javax.xml.stream   =  null
javax.xml.stream.events   =  null
javax.xml.stream.util   =  null
javax.xml.transform
This package defines the generic APIs for processing transformation instructions, and performing a transformation from source to result. =  null
javax.xml.transform.dom
This package implements DOM-specific transformation APIs. =  null
javax.xml.transform.sax
This package implements SAX2-specific transformation APIs. =  null
javax.xml.transform.stax
Provides for StAX-specific transformation APIs. =  null
javax.xml.transform.stream
This package implements stream- and URI- specific transformation APIs. =  null
javax.xml.validation
This package provides an API for validation of XML documents. =  null
javax.xml.ws
This package contains the core JAX-WS APIs. =  null
javax.xml.ws.handler
This package defines APIs for message handlers. =  null
javax.xml.ws.handler.soap
This package defines APIs for SOAP message handlers. =  null
javax.xml.ws.http
This package defines APIs specific to the HTTP binding. =  null
javax.xml.ws.soap
This package defines APIs specific to the SOAP binding. =  null
javax.xml.ws.spi
This package defines SPIs for JAX-WS. =  null
javax.xml.ws.spi.http
Provides HTTP SPI that is used for portable deployment of JAX-WS web services in containers(for e.g. =  null
javax.xml.ws.wsaddressing
This package defines APIs related to WS-Addressing. =  null
javax.xml.xpath
This package provides an object-model neutral API for the evaluation of XPath expressions and access to the evaluation environment. =  null
org.ietf.jgss
This package presents a framework that allows application developers to make use of security services like authentication, data integrity and data confidentiality from a variety of underlying security mechanisms like Kerberos, using a unified API. =  null
org.omg.CORBA
Provides the mapping of the OMG CORBA APIs to the JavaTM programming language, including the class ORB, which is implemented so that a programmer can use it as a fully-functional Object Request Broker (ORB). =  null
org.omg.CORBA_2_3
The CORBA_2_3 package defines additions to existing CORBA interfaces in the Java[tm] Standard Edition 6.   These changes occurred in recent revisions to the CORBA API defined by the OMG.  The new methods were added to  interfaces derived from the corresponding interfaces in the CORBA package.  This provides backward compatibility and avoids breaking the JCK tests. =  null
org.omg.CORBA_2_3.portable
Provides methods for the input and output of value types, and contains other updates to the org/omg/CORBA/portable package. =  null
org.omg.CORBA.DynAnyPackage
Provides the exceptions used with the DynAny interface (InvalidValue, Invalid, InvalidSeq, and TypeMismatch). =  null
org.omg.CORBA.ORBPackage
Provides the exception InvalidName, which is thrown by the method ORB.resolve_initial_references and the exception InconsistentTypeCode, which is thrown by the Dynamic Any creation methods in the ORB class. =  null
org.omg.CORBA.portable
Provides a portability layer, that is, a set of ORB APIs that makes it possible for code generated by one vendor to run on another vendor's ORB. =  null
org.omg.CORBA.TypeCodePackage
Provides the user-defined exceptions BadKind and Bounds, which are thrown by methods in in the class TypeCode. =  null
org.omg.CosNaming
Provides a naming service for Java IDL. =  null
org.omg.CosNaming.NamingContextExtPackage
This package contains the following classes, which are used in org.omg.CosNaming.NamingContextExt: =  null
org.omg.CosNaming.NamingContextPackage
This package contains Exception classes for the org.omg.CosNaming package. =  null
org.omg.Dynamic
This package contains the Dynamic module specified in the OMG Portable Interceptor specification, http://cgi.omg.org/cgi-bin/doc?ptc/2000-08-06, section 21.9. =  null
org.omg.DynamicAny
Provides classes and interfaces that enable traversal of the data value associated with an any at runtime, and extraction of the primitive constituents of the data value. =  null
org.omg.DynamicAny.DynAnyFactoryPackage
This package contains classes and exceptions from the DynAnyFactory interface of the DynamicAny module specified in the OMG The Common Object Request Broker: Architecture and Specification, http://cgi.omg.org/cgi-bin/doc?formal/99-10-07, section 9.2.2. =  null
org.omg.DynamicAny.DynAnyPackage
This package contains classes and exceptions from the DynAny interface of the DynamicAny module specified in the OMG The Common Object Request Broker: Architecture and Specification, http://cgi.omg.org/cgi-bin/doc?formal/99-10-07, section 9.2. =  null
org.omg.IOP
This package contains the IOP module specified in the OMG document The Common Object Request Broker: Architecture and Specification, http://cgi.omg.org/cgi-bin/doc?formal/99-10-07, section 13.6. =  null
org.omg.IOP.CodecFactoryPackage
This package contains the exceptions specified in the IOP::CodeFactory interface (as part of the Portable Interceptors spec). =  null
org.omg.IOP.CodecPackage
This package is generated from the IOP::Codec IDL interface definition. =  null
org.omg.Messaging
This package contains the Messaging module specified in the OMG CORBA Messaging specification, http://cgi.omg.org/cgi-bin/doc?formal/99-10-07. =  null
org.omg.PortableInterceptor
Provides a mechanism to register ORB hooks through which ORB services can intercept the normal flow of execution of the ORB. =  null
org.omg.PortableInterceptor.ORBInitInfoPackage
This package contains the exceptions and typedefs from the ORBInitInfo local interface of the PortableInterceptor module specified in the OMG Portable Interceptor specification, http://cgi.omg.org/cgi-bin/doc?ptc/2000-08-06, section 21.7.2. =  null
org.omg.PortableServer
Provides classes and interfaces for making the server side of your applications portable across multivendor ORBs. =  null
org.omg.PortableServer.CurrentPackage
Provides method implementations with access to the identity of the object on which the method was invoked. =  null
org.omg.PortableServer.POAManagerPackage
Encapsulates the processing state of the POAs it is associated with. =  null
org.omg.PortableServer.POAPackage
Allows programmers to construct object implementations that are portable between different ORB products. =  null
org.omg.PortableServer.portable
Provides classes and interfaces for making the server side of your applications portable across multivendor ORBs. =  null
org.omg.PortableServer.ServantLocatorPackage
Provides classes and interfaces for locating the servant. =  null
org.omg.SendingContext
Provides support for the marshalling of value types. =  null
org.omg.stub.java.rmi
Contains RMI-IIOP Stubs for the Remote types that occur in the java.rmi package. =  null
org.w3c.dom
Provides the interfaces for the Document Object Model (DOM) which is a component API of the Java API for XML Processing. =  null
org.w3c.dom.bootstrap   =  null
org.w3c.dom.events   =  null
org.w3c.dom.ls   =  null
org.xml.sax
This package provides the core SAX APIs. =  null
org.xml.sax.ext
This package contains interfaces to SAX2 facilities that conformant SAX drivers won't necessarily support. =  null
org.xml.sax.helpers
This package contains "helper" classes, including support for bootstrapping SAX-based applications. =  null
Total number of links: ===209
Count total number of frame ==  3
Actual Result= 
Actual Result= 
Actual Result= 
Before Method= 
Before Method= 
Actual Result= 
Before Method= 
Actual Result= 
Actual Result= 
Username =softwaretesting@gmail.com
softwaretesting@gmail.com
Sign in
Forgot Password?
<a href="https://register.rediff.com/utilities/newforgot/index.php?FormName=showlogin"><u>Forgot Password?</u></a>
Actual Result= 
Actual Result= 
Actual Result= 
Actual Result= ]]>
  </system-out>
</testsuite> <!-- test.FrameLogic -->
